Unity Editor version:    2022.3.43f1 (85497d293fa1)
Branch:                  2022.3/staging
Build type:              Release
Batch mode:              YES
macOS version:           Version 14.6.1 (Build 23G93)
Darwin version:          23.6.0
Architecture:            arm64
Running under Rosetta:   NO
Available memory:        16384 MB
Using pre-set license
Pro License: YES

COMMAND LINE ARGUMENTS:
/Applications/Unity/Hub/Editor/2022.3.43f1/Unity.app/Contents/MacOS/Unity
-adb2
-batchMode
-noUpm
-name
AssetImportWorker0
-projectPath
/Users/woodkong/Developer/Unity/csci526-fall24-friday-main-wet-pants-studios/Alpha
-logFile
Logs/AssetImportWorker0.log
-srvPort
56628
Successfully changed project path to: /Users/woodkong/Developer/Unity/csci526-fall24-friday-main-wet-pants-studios/Alpha
/Users/woodkong/Developer/Unity/csci526-fall24-friday-main-wet-pants-studios/Alpha
[UnityMemory] Configuration Parameters - Can be set up in boot.config
    "memorysetup-bucket-allocator-granularity=16"
    "memorysetup-bucket-allocator-bucket-count=8"
    "memorysetup-bucket-allocator-block-size=33554432"
    "memorysetup-bucket-allocator-block-count=8"
    "memorysetup-main-allocator-block-size=16777216"
    "memorysetup-thread-allocator-block-size=16777216"
    "memorysetup-gfx-main-allocator-block-size=16777216"
    "memorysetup-gfx-thread-allocator-block-size=16777216"
    "memorysetup-cache-allocator-block-size=4194304"
    "memorysetup-typetree-allocator-block-size=2097152"
    "memorysetup-profiler-bucket-allocator-granularity=16"
    "memorysetup-profiler-bucket-allocator-bucket-count=8"
    "memorysetup-profiler-bucket-allocator-block-size=33554432"
    "memorysetup-profiler-bucket-allocator-block-count=8"
    "memorysetup-profiler-allocator-block-size=16777216"
    "memorysetup-profiler-editor-allocator-block-size=1048576"
    "memorysetup-temp-allocator-size-main=16777216"
    "memorysetup-job-temp-allocator-block-size=2097152"
    "memorysetup-job-temp-allocator-block-size-background=1048576"
    "memorysetup-job-temp-allocator-reduction-small-platforms=262144"
    "memorysetup-allocator-temp-initial-block-size-main=262144"
    "memorysetup-allocator-temp-initial-block-size-worker=262144"
    "memorysetup-temp-allocator-size-background-worker=32768"
    "memorysetup-temp-allocator-size-job-worker=262144"
    "memorysetup-temp-allocator-size-preload-manager=33554432"
    "memorysetup-temp-allocator-size-nav-mesh-worker=65536"
    "memorysetup-temp-allocator-size-audio-worker=65536"
    "memorysetup-temp-allocator-size-cloud-worker=32768"
    "memorysetup-temp-allocator-size-gi-baking-worker=262144"
    "memorysetup-temp-allocator-size-gfx=262144"
Player connection [8321060672]  Target information:

Player connection [8321060672]  * "[IP] 192.168.7.119 [Port] 0 [Flags] 2 [Guid] 3552301836 [EditorId] 3552301836 [Version] 1048832 [Id] OSXEditor(0,Dongwooks-MacBook-Pro.local) [Debug] 1 [PackageName] OSXEditor [ProjectName] Editor" 

Player connection [8321060672] Host joined multi-casting on [225.0.0.222:54997]...
Player connection [8321060672] Host joined alternative multi-casting on [225.0.0.222:34997]...
[PhysX] Initialized MultithreadedTaskDispatcher with 10 workers.
Refreshing native plugins compatible for Editor in 4.55 ms, found 2 plugins.
Preloading 0 native plugins for Editor in 0.00 ms.
Initialize engine version: 2022.3.43f1 (85497d293fa1)
[Subsystems] Discovering subsystems at path /Applications/Unity/Hub/Editor/2022.3.43f1/Unity.app/Contents/Resources/UnitySubsystems
[Subsystems] Discovering subsystems at path /Users/woodkong/Developer/Unity/csci526-fall24-friday-main-wet-pants-studios/Alpha/Assets
GfxDevice: creating device client; threaded=0; jobified=0
 preferred device: Apple M1 Pro (high power)
Metal devices available: 1
0: Apple M1 Pro (high power)
Using device Apple M1 Pro (high power)
Initializing Metal device caps: Apple M1 Pro
Initialize mono
Mono path[0] = '/Applications/Unity/Hub/Editor/2022.3.43f1/Unity.app/Contents/Managed'
Mono path[1] = '/Applications/Unity/Hub/Editor/2022.3.43f1/Unity.app/Contents/MonoBleedingEdge/lib/mono/unityjit-macos'
Mono config path = '/Applications/Unity/Hub/Editor/2022.3.43f1/Unity.app/Contents/MonoBleedingEdge/etc'
Using monoOptions --debugger-agent=transport=dt_socket,embedding=1,server=y,suspend=n,address=127.0.0.1:56738
Begin MonoManager ReloadAssembly
Registering precompiled unity dll's ...
Register platform support module: /Applications/Unity/Hub/Editor/2022.3.43f1/PlaybackEngines/WebGLSupport/UnityEditor.WebGL.Extensions.dll
Register platform support module: /Applications/Unity/Hub/Editor/2022.3.43f1/Unity.app/Contents/PlaybackEngines/MacStandaloneSupport/UnityEditor.OSXStandalone.Extensions.dll
Registered in 0.000998 seconds.
- Loaded All Assemblies, in  0.208 seconds
Native extension for OSXStandalone target not found
Native extension for WebGL target not found
Mono: successfully reloaded assembly
- Finished resetting the current domain, in  0.161 seconds
Domain Reload Profiling: 369ms
	BeginReloadAssembly (48ms)
		ExecutionOrderSort (0ms)
		DisableScriptedObjects (0ms)
		BackupInstance (0ms)
		ReleaseScriptingObjects (0ms)
		CreateAndSetChildDomain (0ms)
	RebuildCommonClasses (23ms)
	RebuildNativeTypeToScriptingClass (8ms)
	initialDomainReloadingComplete (31ms)
	LoadAllAssembliesAndSetupDomain (97ms)
		LoadAssemblies (48ms)
		RebuildTransferFunctionScriptingTraits (0ms)
		AnalyzeDomain (96ms)
			TypeCache.Refresh (95ms)
				TypeCache.ScanAssembly (85ms)
			ScanForSourceGeneratedMonoScriptInfo (0ms)
			ResolveRequiredComponents (0ms)
	FinalizeReload (161ms)
		ReleaseScriptCaches (0ms)
		RebuildScriptCaches (0ms)
		SetupLoadedEditorAssemblies (131ms)
			LogAssemblyErrors (0ms)
			InitializePlatformSupportModulesInManaged (5ms)
			SetLoadedEditorAssemblies (3ms)
			RefreshPlugins (0ms)
			BeforeProcessingInitializeOnLoad (1ms)
			ProcessInitializeOnLoadAttributes (92ms)
			ProcessInitializeOnLoadMethodAttributes (29ms)
			AfterProcessingInitializeOnLoad (0ms)
			EditorAssembliesLoaded (0ms)
		ExecutionOrderSort2 (0ms)
		AwakeInstancesAfterBackupRestoration (0ms)
========================================================================
Worker process is ready to serve import requests
Caller must complete domain reload
Begin MonoManager ReloadAssembly
Symbol file data-0x14c09c000 doesn't match image /Users/woodkong/Developer/Unity/csci526-fall24-friday-main-wet-pants-studios/Alpha/Library/ScriptAssemblies/Assembly-CSharp.dll
Symbol file LoadedFromMemory is not a mono symbol file
Symbol file data-0x13b02c600 doesn't match image /Users/woodkong/Developer/Unity/csci526-fall24-friday-main-wet-pants-studios/Alpha/Library/ScriptAssemblies/Unity.Services.Analytics.Editor.dll
Symbol file LoadedFromMemory is not a mono symbol file
Symbol file data-0x128180000 doesn't match image /Users/woodkong/Developer/Unity/csci526-fall24-friday-main-wet-pants-studios/Alpha/Library/ScriptAssemblies/Unity.Services.Core.Editor.dll
Symbol file LoadedFromMemory is not a mono symbol file
Symbol file data-0x13b1b2600 doesn't match image /Users/woodkong/Developer/Unity/csci526-fall24-friday-main-wet-pants-studios/Alpha/Library/ScriptAssemblies/Unity.EditorCoroutines.Editor.dll
Symbol file LoadedFromMemory is not a mono symbol file
Symbol file data-0x1587b8000 doesn't match image /Users/woodkong/Developer/Unity/csci526-fall24-friday-main-wet-pants-studios/Alpha/Library/ScriptAssemblies/Unity.PlasticSCM.Editor.dll
Symbol file LoadedFromMemory is not a mono symbol file
Symbol file data-0x140550000 doesn't match image /Users/woodkong/Developer/Unity/csci526-fall24-friday-main-wet-pants-studios/Alpha/Library/ScriptAssemblies/Unity.Services.Core.Internal.dll
Symbol file LoadedFromMemory is not a mono symbol file
Symbol file data-0x128248000 doesn't match image /Users/woodkong/Developer/Unity/csci526-fall24-friday-main-wet-pants-studios/Alpha/Library/ScriptAssemblies/Unity.Timeline.Editor.dll
Symbol file LoadedFromMemory is not a mono symbol file
Symbol file data-0x13b02c600 doesn't match image /Users/woodkong/Developer/Unity/csci526-fall24-friday-main-wet-pants-studios/Alpha/Library/ScriptAssemblies/Unity.Services.Core.Environments.Internal.dll
Symbol file LoadedFromMemory is not a mono symbol file
Symbol file data-0x13b030800 doesn't match image /Users/woodkong/Developer/Unity/csci526-fall24-friday-main-wet-pants-studios/Alpha/Library/ScriptAssemblies/Unity.Services.Core.Device.dll
Symbol file LoadedFromMemory is not a mono symbol file
Symbol file data-0x13b031600 doesn't match image /Users/woodkong/Developer/Unity/csci526-fall24-friday-main-wet-pants-studios/Alpha/Library/ScriptAssemblies/Unity.VisualScripting.Shared.Editor.dll
Symbol file LoadedFromMemory is not a mono symbol file
Symbol file data-0x14d270400 doesn't match image /Users/woodkong/Developer/Unity/csci526-fall24-friday-main-wet-pants-studios/Alpha/Library/ScriptAssemblies/Unity.CollabProxy.Editor.dll
Symbol file LoadedFromMemory is not a mono symbol file
Symbol file data-0x140550000 doesn't match image /Users/woodkong/Developer/Unity/csci526-fall24-friday-main-wet-pants-studios/Alpha/Library/ScriptAssemblies/Unity.VisualStudio.Editor.dll
Symbol file LoadedFromMemory is not a mono symbol file
Symbol file data-0x14d270400 doesn't match image /Users/woodkong/Developer/Unity/csci526-fall24-friday-main-wet-pants-studios/Alpha/Library/ScriptAssemblies/Unity.Services.Core.dll
Symbol file LoadedFromMemory is not a mono symbol file
Symbol file data-0x14d277800 doesn't match image /Users/woodkong/Developer/Unity/csci526-fall24-friday-main-wet-pants-studios/Alpha/Library/ScriptAssemblies/Unity.Services.Core.Threading.dll
Symbol file LoadedFromMemory is not a mono symbol file
Symbol file data-0x130130000 doesn't match image /Users/woodkong/Developer/Unity/csci526-fall24-friday-main-wet-pants-studios/Alpha/Library/ScriptAssemblies/UnityEditor.UI.dll
Symbol file LoadedFromMemory is not a mono symbol file
Symbol file data-0x140328000 doesn't match image /Users/woodkong/Developer/Unity/csci526-fall24-friday-main-wet-pants-studios/Alpha/Library/ScriptAssemblies/Unity.VisualScripting.Core.dll
Symbol file LoadedFromMemory is not a mono symbol file
Symbol file data-0x14d277800 doesn't match image /Users/woodkong/Developer/Unity/csci526-fall24-friday-main-wet-pants-studios/Alpha/Library/ScriptAssemblies/Unity.Services.Core.Networking.dll
Symbol file LoadedFromMemory is not a mono symbol file
Symbol file data-0x158800000 doesn't match image /Users/woodkong/Developer/Unity/csci526-fall24-friday-main-wet-pants-studios/Alpha/Library/ScriptAssemblies/UnityEngine.UI.dll
Symbol file LoadedFromMemory is not a mono symbol file
Symbol file data-0x128448000 doesn't match image /Users/woodkong/Developer/Unity/csci526-fall24-friday-main-wet-pants-studios/Alpha/Library/ScriptAssemblies/Unity.VisualScripting.Core.Editor.dll
Symbol file LoadedFromMemory is not a mono symbol file
Symbol file data-0x140550000 doesn't match image /Users/woodkong/Developer/Unity/csci526-fall24-friday-main-wet-pants-studios/Alpha/Library/ScriptAssemblies/Unity.Rider.Editor.dll
Symbol file LoadedFromMemory is not a mono symbol file
Symbol file data-0x14d279a00 doesn't match image /Users/woodkong/Developer/Unity/csci526-fall24-friday-main-wet-pants-studios/Alpha/Library/ScriptAssemblies/Unity.Services.Core.Telemetry.dll
Symbol file LoadedFromMemory is not a mono symbol file
Symbol file data-0x150230000 doesn't match image /Users/woodkong/Developer/Unity/csci526-fall24-friday-main-wet-pants-studios/Alpha/Library/ScriptAssemblies/UnityEditor.TestRunner.dll
Symbol file LoadedFromMemory is not a mono symbol file
Symbol file data-0x1403a8000 doesn't match image /Users/woodkong/Developer/Unity/csci526-fall24-friday-main-wet-pants-studios/Alpha/Library/ScriptAssemblies/Unity.VisualScripting.Flow.dll
Symbol file LoadedFromMemory is not a mono symbol file
Symbol file data-0x120800000 doesn't match image /Users/woodkong/Developer/Unity/csci526-fall24-friday-main-wet-pants-studios/Alpha/Library/ScriptAssemblies/Unity.Services.Core.Environments.Editor.dll
Symbol file LoadedFromMemory is not a mono symbol file
Symbol file data-0x120870000 doesn't match image /Users/woodkong/Developer/Unity/csci526-fall24-friday-main-wet-pants-studios/Alpha/Library/ScriptAssemblies/Unity.VisualScripting.Flow.Editor.dll
Symbol file LoadedFromMemory is not a mono symbol file
Symbol file data-0x120800000 doesn't match image /Users/woodkong/Developer/Unity/csci526-fall24-friday-main-wet-pants-studios/Alpha/Library/ScriptAssemblies/Unity.Timeline.dll
Symbol file LoadedFromMemory is not a mono symbol file
Symbol file data-0x14c929000 doesn't match image /Users/woodkong/Developer/Unity/csci526-fall24-friday-main-wet-pants-studios/Alpha/Library/ScriptAssemblies/Unity.TestTools.CodeCoverage.Editor.OpenCover.Mono.Reflection.dll
Symbol file LoadedFromMemory is not a mono symbol file
Symbol file data-0x14c931400 doesn't match image /Users/woodkong/Developer/Unity/csci526-fall24-friday-main-wet-pants-studios/Alpha/Library/ScriptAssemblies/Unity.Services.Core.Scheduler.dll
Symbol file LoadedFromMemory is not a mono symbol file
Symbol file data-0x14c929000 doesn't match image /Users/woodkong/Developer/Unity/csci526-fall24-friday-main-wet-pants-studios/Alpha/Library/ScriptAssemblies/Unity.Services.Core.Environments.dll
Symbol file LoadedFromMemory is not a mono symbol file
Symbol file data-0x14c911000 doesn't match image /Users/woodkong/Developer/Unity/csci526-fall24-friday-main-wet-pants-studios/Alpha/Library/ScriptAssemblies/Unity.Services.Core.Configuration.dll
Symbol file LoadedFromMemory is not a mono symbol file
Symbol file data-0x17e485800 doesn't match image /Users/woodkong/Developer/Unity/csci526-fall24-friday-main-wet-pants-studios/Alpha/Library/ScriptAssemblies/Unity.VisualScripting.SettingsProvider.Editor.dll
Symbol file LoadedFromMemory is not a mono symbol file
Symbol file data-0x150018000 doesn't match image /Users/woodkong/Developer/Unity/csci526-fall24-friday-main-wet-pants-studios/Alpha/Library/ScriptAssemblies/Unity.Services.Analytics.dll
Symbol file LoadedFromMemory is not a mono symbol file
Symbol file data-0x150268000 doesn't match image /Users/woodkong/Developer/Unity/csci526-fall24-friday-main-wet-pants-studios/Alpha/Library/ScriptAssemblies/Unity.Performance.Profile-Analyzer.Editor.dll
Symbol file LoadedFromMemory is not a mono symbol file
Symbol file data-0x150018000 doesn't match image /Users/woodkong/Developer/Unity/csci526-fall24-friday-main-wet-pants-studios/Alpha/Library/ScriptAssemblies/Unity.TestTools.CodeCoverage.Editor.dll
Symbol file LoadedFromMemory is not a mono symbol file
Symbol file data-0x14c999c00 doesn't match image /Users/woodkong/Developer/Unity/csci526-fall24-friday-main-wet-pants-studios/Alpha/Library/ScriptAssemblies/Unity.TestTools.CodeCoverage.Editor.OpenCover.Model.dll
Symbol file LoadedFromMemory is not a mono symbol file
Symbol file data-0x120800000 doesn't match image /Users/woodkong/Developer/Unity/csci526-fall24-friday-main-wet-pants-studios/Alpha/Library/ScriptAssemblies/UnityEngine.TestRunner.dll
Symbol file LoadedFromMemory is not a mono symbol file
Symbol file data-0x1208e0000 doesn't match image /Users/woodkong/Developer/Unity/csci526-fall24-friday-main-wet-pants-studios/Alpha/Library/ScriptAssemblies/Unity.VisualScripting.State.Editor.dll
Symbol file LoadedFromMemory is not a mono symbol file
Symbol file data-0x14c999c00 doesn't match image /Users/woodkong/Developer/Unity/csci526-fall24-friday-main-wet-pants-studios/Alpha/Library/ScriptAssemblies/Unity.Settings.Editor.dll
Symbol file LoadedFromMemory is not a mono symbol file
Symbol file data-0x14c911000 doesn't match image /Users/woodkong/Developer/Unity/csci526-fall24-friday-main-wet-pants-studios/Alpha/Library/ScriptAssemblies/Unity.InternalAPIEditorBridgeDev.001.dll
Symbol file LoadedFromMemory is not a mono symbol file
Symbol file data-0x120958000 doesn't match image /Users/woodkong/Developer/Unity/csci526-fall24-friday-main-wet-pants-studios/Alpha/Library/ScriptAssemblies/Unity.TextMeshPro.dll
Symbol file LoadedFromMemory is not a mono symbol file
Symbol file data-0x120800000 doesn't match image /Users/woodkong/Developer/Unity/csci526-fall24-friday-main-wet-pants-studios/Alpha/Library/ScriptAssemblies/Unity.TextMeshPro.Editor.dll
Symbol file LoadedFromMemory is not a mono symbol file
Symbol file data-0x14c911000 doesn't match image /Users/woodkong/Developer/Unity/csci526-fall24-friday-main-wet-pants-studios/Alpha/Library/ScriptAssemblies/Unity.Services.Core.Analytics.dll
Symbol file LoadedFromMemory is not a mono symbol file
Symbol file data-0x14c99e400 doesn't match image /Users/woodkong/Developer/Unity/csci526-fall24-friday-main-wet-pants-studios/Alpha/Library/ScriptAssemblies/Unity.Services.Core.Registration.dll
Symbol file LoadedFromMemory is not a mono symbol file
Symbol file data-0x13b031600 doesn't match image /Users/woodkong/Developer/Unity/csci526-fall24-friday-main-wet-pants-studios/Alpha/Library/ScriptAssemblies/Unity.Services.Core.Configuration.Editor.dll
Symbol file LoadedFromMemory is not a mono symbol file
Symbol file data-0x14c9a3400 doesn't match image /Users/woodkong/Developer/Unity/csci526-fall24-friday-main-wet-pants-studios/Alpha/Library/ScriptAssemblies/Unity.VisualScripting.State.dll
Symbol file LoadedFromMemory is not a mono symbol file
Symbol file data-0x13b03e600 doesn't match image /Users/woodkong/Developer/Unity/csci526-fall24-friday-main-wet-pants-studios/Alpha/Library/ScriptAssemblies/Unity.Play.Publisher.Editor.dll
Symbol file LoadedFromMemory is not a mono symbol file
Symbol file data-0x17e48c200 doesn't match image /Users/woodkong/Developer/Unity/csci526-fall24-friday-main-wet-pants-studios/Alpha/Library/ScriptAssemblies/Unity.VSCode.Editor.dll
Symbol file LoadedFromMemory is not a mono symbol file
Symbol file LoadedFromMemory is not a mono symbol file
- Loaded All Assemblies, in  0.370 seconds
Native extension for OSXStandalone target not found
Native extension for WebGL target not found
Package Manager log level set to [2]
[Package Manager] Server::EnsureServerProcessIsRunning -- launch failed, reason: Unity was launched with the -noUpm command-line argument
[Package Manager] UpmClient::Send -- Unable to send message (not connected to UPM process).
[Package Manager] Cannot connect to Unity Package Manager local server
Mono: successfully reloaded assembly
- Finished resetting the current domain, in  0.384 seconds
Domain Reload Profiling: 754ms
	BeginReloadAssembly (72ms)
		ExecutionOrderSort (0ms)
		DisableScriptedObjects (3ms)
		BackupInstance (0ms)
		ReleaseScriptingObjects (0ms)
		CreateAndSetChildDomain (16ms)
	RebuildCommonClasses (22ms)
	RebuildNativeTypeToScriptingClass (8ms)
	initialDomainReloadingComplete (22ms)
	LoadAllAssembliesAndSetupDomain (246ms)
		LoadAssemblies (143ms)
		RebuildTransferFunctionScriptingTraits (0ms)
		AnalyzeDomain (133ms)
			TypeCache.Refresh (119ms)
				TypeCache.ScanAssembly (105ms)
			ScanForSourceGeneratedMonoScriptInfo (10ms)
			ResolveRequiredComponents (3ms)
	FinalizeReload (384ms)
		ReleaseScriptCaches (0ms)
		RebuildScriptCaches (0ms)
		SetupLoadedEditorAssemblies (291ms)
			LogAssemblyErrors (0ms)
			InitializePlatformSupportModulesInManaged (4ms)
			SetLoadedEditorAssemblies (3ms)
			RefreshPlugins (0ms)
			BeforeProcessingInitializeOnLoad (38ms)
			ProcessInitializeOnLoadAttributes (228ms)
			ProcessInitializeOnLoadMethodAttributes (17ms)
			AfterProcessingInitializeOnLoad (1ms)
			EditorAssembliesLoaded (0ms)
		ExecutionOrderSort2 (0ms)
		AwakeInstancesAfterBackupRestoration (2ms)
Launching external process: /Applications/Unity/Hub/Editor/2022.3.43f1/Unity.app/Contents/Tools/UnityShaderCompiler
Launched and connected shader compiler UnityShaderCompiler after 0.03 seconds
Refreshing native plugins compatible for Editor in 0.94 ms, found 2 plugins.
Preloading 0 native plugins for Editor in 0.00 ms.
Unloading 3547 Unused Serialized files (Serialized files now loaded: 0)
Unloading 20 unused Assets / (49.9 KB). Loaded Objects now: 4032.
Memory consumption went from 152.5 MB to 152.5 MB.
Total: 2.564250 ms (FindLiveObjects: 0.103042 ms CreateObjectMapping: 0.041667 ms MarkObjects: 2.333291 ms  DeleteObjects: 0.085750 ms)

AssetImportParameters requested are different than current active one (requested -> active):
  custom:container-demuxer-ogg: 62fdf1f143b41e24485cea50d1cbac27 -> 
  custom:video-decoder-ogg-theora: a1e56fd34408186e4bbccfd4996cb3dc -> 
  custom:CustomObjectIndexerAttribute: 9a22284fe3817be447336de3de66b15e -> 
  custom:container-demuxer-webm: 4f35f7cbe854078d1ac9338744f61a02 -> 
  custom:container-muxer-webm: aa71ff27fc2769a1b78a27578f13a17b -> 
  custom:video-decoder-webm-vp8: 9c59270c3fd7afecdb556c50c9e8de78 -> 
  custom:SearchIndexIgnoredProperties: e643bd26f0fe6173181afceb89e7c659 -> 
  custom:AudioImporter_EditorPlatform: 3918e3fc78b5a79bad01e8451be0beb8 -> 
  custom:framework-osx-AVFoundation: e770b220cccbd017edd2c1fefb359320 -> 
  custom:video-encoder-webm-vp8: eb34c28f22e8b96e1ab97ce403110664 -> 
  custom:audio-decoder-ogg-vorbis: bf7c407c2cedff20999df2af8eb42d56 -> 
  custom:audio-encoder-webm-vorbis: bf7c407c2cedff20999df2af8eb42d56 -> 
========================================================================
Received Prepare
Caller must complete domain reload
Begin MonoManager ReloadAssembly
Thread 0x17dea3000 may have been prematurely finalized
Symbol file data-0x14d174400 doesn't match image /Users/woodkong/Developer/Unity/csci526-fall24-friday-main-wet-pants-studios/Alpha/Library/ScriptAssemblies/Assembly-CSharp.dll
Symbol file LoadedFromMemory is not a mono symbol file
Symbol file data-0x14d17b200 doesn't match image /Users/woodkong/Developer/Unity/csci526-fall24-friday-main-wet-pants-studios/Alpha/Library/ScriptAssemblies/Unity.Services.Analytics.Editor.dll
Symbol file LoadedFromMemory is not a mono symbol file
Symbol file data-0x140668000 doesn't match image /Users/woodkong/Developer/Unity/csci526-fall24-friday-main-wet-pants-studios/Alpha/Library/ScriptAssemblies/Unity.Services.Core.Editor.dll
Symbol file LoadedFromMemory is not a mono symbol file
Symbol file data-0x14d28fe00 doesn't match image /Users/woodkong/Developer/Unity/csci526-fall24-friday-main-wet-pants-studios/Alpha/Library/ScriptAssemblies/Unity.EditorCoroutines.Editor.dll
Symbol file LoadedFromMemory is not a mono symbol file
Symbol file data-0x140678000 doesn't match image /Users/woodkong/Developer/Unity/csci526-fall24-friday-main-wet-pants-studios/Alpha/Library/ScriptAssemblies/Unity.PlasticSCM.Editor.dll
Symbol file LoadedFromMemory is not a mono symbol file
Symbol file data-0x128558000 doesn't match image /Users/woodkong/Developer/Unity/csci526-fall24-friday-main-wet-pants-studios/Alpha/Library/ScriptAssemblies/Unity.Services.Core.Internal.dll
Symbol file LoadedFromMemory is not a mono symbol file
Symbol file data-0x140778000 doesn't match image /Users/woodkong/Developer/Unity/csci526-fall24-friday-main-wet-pants-studios/Alpha/Library/ScriptAssemblies/Unity.Timeline.Editor.dll
Symbol file LoadedFromMemory is not a mono symbol file
Symbol file data-0x14d28fe00 doesn't match image /Users/woodkong/Developer/Unity/csci526-fall24-friday-main-wet-pants-studios/Alpha/Library/ScriptAssemblies/Unity.Services.Core.Environments.Internal.dll
Symbol file LoadedFromMemory is not a mono symbol file
Symbol file data-0x333bf3e00 doesn't match image /Users/woodkong/Developer/Unity/csci526-fall24-friday-main-wet-pants-studios/Alpha/Library/ScriptAssemblies/Unity.Services.Core.Device.dll
Symbol file LoadedFromMemory is not a mono symbol file
Symbol file data-0x14d28fe00 doesn't match image /Users/woodkong/Developer/Unity/csci526-fall24-friday-main-wet-pants-studios/Alpha/Library/ScriptAssemblies/Unity.VisualScripting.Shared.Editor.dll
Symbol file LoadedFromMemory is not a mono symbol file
Symbol file data-0x14d174c00 doesn't match image /Users/woodkong/Developer/Unity/csci526-fall24-friday-main-wet-pants-studios/Alpha/Library/ScriptAssemblies/Unity.CollabProxy.Editor.dll
Symbol file LoadedFromMemory is not a mono symbol file
Symbol file data-0x158760000 doesn't match image /Users/woodkong/Developer/Unity/csci526-fall24-friday-main-wet-pants-studios/Alpha/Library/ScriptAssemblies/Unity.VisualStudio.Editor.dll
Symbol file LoadedFromMemory is not a mono symbol file
Symbol file data-0x333bc8200 doesn't match image /Users/woodkong/Developer/Unity/csci526-fall24-friday-main-wet-pants-studios/Alpha/Library/ScriptAssemblies/Unity.Services.Core.dll
Symbol file LoadedFromMemory is not a mono symbol file
Symbol file data-0x333bcee00 doesn't match image /Users/woodkong/Developer/Unity/csci526-fall24-friday-main-wet-pants-studios/Alpha/Library/ScriptAssemblies/Unity.Services.Core.Threading.dll
Symbol file LoadedFromMemory is not a mono symbol file
Symbol file data-0x120320000 doesn't match image /Users/woodkong/Developer/Unity/csci526-fall24-friday-main-wet-pants-studios/Alpha/Library/ScriptAssemblies/UnityEditor.UI.dll
Symbol file LoadedFromMemory is not a mono symbol file
Symbol file data-0x140868000 doesn't match image /Users/woodkong/Developer/Unity/csci526-fall24-friday-main-wet-pants-studios/Alpha/Library/ScriptAssemblies/Unity.VisualScripting.Core.dll
Symbol file LoadedFromMemory is not a mono symbol file
Symbol file data-0x14d28fe00 doesn't match image /Users/woodkong/Developer/Unity/csci526-fall24-friday-main-wet-pants-studios/Alpha/Library/ScriptAssemblies/Unity.Services.Core.Networking.dll
Symbol file LoadedFromMemory is not a mono symbol file
Symbol file data-0x140690000 doesn't match image /Users/woodkong/Developer/Unity/csci526-fall24-friday-main-wet-pants-studios/Alpha/Library/ScriptAssemblies/UnityEngine.UI.dll
Symbol file LoadedFromMemory is not a mono symbol file
Symbol file data-0x158f80000 doesn't match image /Users/woodkong/Developer/Unity/csci526-fall24-friday-main-wet-pants-studios/Alpha/Library/ScriptAssemblies/Unity.VisualScripting.Core.Editor.dll
Symbol file LoadedFromMemory is not a mono symbol file
Symbol file data-0x120320000 doesn't match image /Users/woodkong/Developer/Unity/csci526-fall24-friday-main-wet-pants-studios/Alpha/Library/ScriptAssemblies/Unity.Rider.Editor.dll
Symbol file LoadedFromMemory is not a mono symbol file
Symbol file data-0x333bcee00 doesn't match image /Users/woodkong/Developer/Unity/csci526-fall24-friday-main-wet-pants-studios/Alpha/Library/ScriptAssemblies/Unity.Services.Core.Telemetry.dll
Symbol file LoadedFromMemory is not a mono symbol file
Symbol file data-0x120368000 doesn't match image /Users/woodkong/Developer/Unity/csci526-fall24-friday-main-wet-pants-studios/Alpha/Library/ScriptAssemblies/UnityEditor.TestRunner.dll
Symbol file LoadedFromMemory is not a mono symbol file
Symbol file data-0x128690000 doesn't match image /Users/woodkong/Developer/Unity/csci526-fall24-friday-main-wet-pants-studios/Alpha/Library/ScriptAssemblies/Unity.VisualScripting.Flow.dll
Symbol file LoadedFromMemory is not a mono symbol file
Symbol file data-0x128608000 doesn't match image /Users/woodkong/Developer/Unity/csci526-fall24-friday-main-wet-pants-studios/Alpha/Library/ScriptAssemblies/Unity.Services.Core.Environments.Editor.dll
Symbol file LoadedFromMemory is not a mono symbol file
Symbol file data-0x128128000 doesn't match image /Users/woodkong/Developer/Unity/csci526-fall24-friday-main-wet-pants-studios/Alpha/Library/ScriptAssemblies/Unity.VisualScripting.Flow.Editor.dll
Symbol file LoadedFromMemory is not a mono symbol file
Symbol file data-0x128608000 doesn't match image /Users/woodkong/Developer/Unity/csci526-fall24-friday-main-wet-pants-studios/Alpha/Library/ScriptAssemblies/Unity.Timeline.dll
Symbol file LoadedFromMemory is not a mono symbol file
Symbol file data-0x33406ae00 doesn't match image /Users/woodkong/Developer/Unity/csci526-fall24-friday-main-wet-pants-studios/Alpha/Library/ScriptAssemblies/Unity.TestTools.CodeCoverage.Editor.OpenCover.Mono.Reflection.dll
Symbol file LoadedFromMemory is not a mono symbol file
Symbol file data-0x334124600 doesn't match image /Users/woodkong/Developer/Unity/csci526-fall24-friday-main-wet-pants-studios/Alpha/Library/ScriptAssemblies/Unity.Services.Core.Scheduler.dll
Symbol file LoadedFromMemory is not a mono symbol file
Symbol file data-0x334124e00 doesn't match image /Users/woodkong/Developer/Unity/csci526-fall24-friday-main-wet-pants-studios/Alpha/Library/ScriptAssemblies/Unity.Services.Core.Environments.dll
Symbol file LoadedFromMemory is not a mono symbol file
Symbol file data-0x334129200 doesn't match image /Users/woodkong/Developer/Unity/csci526-fall24-friday-main-wet-pants-studios/Alpha/Library/ScriptAssemblies/Unity.Services.Core.Configuration.dll
Symbol file LoadedFromMemory is not a mono symbol file
Symbol file data-0x334124e00 doesn't match image /Users/woodkong/Developer/Unity/csci526-fall24-friday-main-wet-pants-studios/Alpha/Library/ScriptAssemblies/Unity.VisualScripting.SettingsProvider.Editor.dll
Symbol file LoadedFromMemory is not a mono symbol file
Symbol file data-0x128558000 doesn't match image /Users/woodkong/Developer/Unity/csci526-fall24-friday-main-wet-pants-studios/Alpha/Library/ScriptAssemblies/Unity.Services.Analytics.dll
Symbol file LoadedFromMemory is not a mono symbol file
Symbol file data-0x159028000 doesn't match image /Users/woodkong/Developer/Unity/csci526-fall24-friday-main-wet-pants-studios/Alpha/Library/ScriptAssemblies/Unity.Performance.Profile-Analyzer.Editor.dll
Symbol file LoadedFromMemory is not a mono symbol file
Symbol file data-0x158760000 doesn't match image /Users/woodkong/Developer/Unity/csci526-fall24-friday-main-wet-pants-studios/Alpha/Library/ScriptAssemblies/Unity.TestTools.CodeCoverage.Editor.dll
Symbol file LoadedFromMemory is not a mono symbol file
Symbol file data-0x333bcee00 doesn't match image /Users/woodkong/Developer/Unity/csci526-fall24-friday-main-wet-pants-studios/Alpha/Library/ScriptAssemblies/Unity.TestTools.CodeCoverage.Editor.OpenCover.Model.dll
Symbol file LoadedFromMemory is not a mono symbol file
Symbol file data-0x159028000 doesn't match image /Users/woodkong/Developer/Unity/csci526-fall24-friday-main-wet-pants-studios/Alpha/Library/ScriptAssemblies/UnityEngine.TestRunner.dll
Symbol file LoadedFromMemory is not a mono symbol file
Symbol file data-0x158760000 doesn't match image /Users/woodkong/Developer/Unity/csci526-fall24-friday-main-wet-pants-studios/Alpha/Library/ScriptAssemblies/Unity.VisualScripting.State.Editor.dll
Symbol file LoadedFromMemory is not a mono symbol file
Symbol file data-0x333c0e000 doesn't match image /Users/woodkong/Developer/Unity/csci526-fall24-friday-main-wet-pants-studios/Alpha/Library/ScriptAssemblies/Unity.Settings.Editor.dll
Symbol file LoadedFromMemory is not a mono symbol file
Symbol file data-0x333bcee00 doesn't match image /Users/woodkong/Developer/Unity/csci526-fall24-friday-main-wet-pants-studios/Alpha/Library/ScriptAssemblies/Unity.InternalAPIEditorBridgeDev.001.dll
Symbol file LoadedFromMemory is not a mono symbol file
Symbol file data-0x1590d0000 doesn't match image /Users/woodkong/Developer/Unity/csci526-fall24-friday-main-wet-pants-studios/Alpha/Library/ScriptAssemblies/Unity.TextMeshPro.dll
Symbol file LoadedFromMemory is not a mono symbol file
Symbol file data-0x159028000 doesn't match image /Users/woodkong/Developer/Unity/csci526-fall24-friday-main-wet-pants-studios/Alpha/Library/ScriptAssemblies/Unity.TextMeshPro.Editor.dll
Symbol file LoadedFromMemory is not a mono symbol file
Symbol file data-0x333bcee00 doesn't match image /Users/woodkong/Developer/Unity/csci526-fall24-friday-main-wet-pants-studios/Alpha/Library/ScriptAssemblies/Unity.Services.Core.Analytics.dll
Symbol file LoadedFromMemory is not a mono symbol file
Symbol file data-0x333be7c00 doesn't match image /Users/woodkong/Developer/Unity/csci526-fall24-friday-main-wet-pants-studios/Alpha/Library/ScriptAssemblies/Unity.Services.Core.Registration.dll
Symbol file LoadedFromMemory is not a mono symbol file
Symbol file data-0x333becc00 doesn't match image /Users/woodkong/Developer/Unity/csci526-fall24-friday-main-wet-pants-studios/Alpha/Library/ScriptAssemblies/Unity.Services.Core.Configuration.Editor.dll
Symbol file LoadedFromMemory is not a mono symbol file
Symbol file data-0x333c21600 doesn't match image /Users/woodkong/Developer/Unity/csci526-fall24-friday-main-wet-pants-studios/Alpha/Library/ScriptAssemblies/Unity.VisualScripting.State.dll
Symbol file LoadedFromMemory is not a mono symbol file
Symbol file data-0x333be7c00 doesn't match image /Users/woodkong/Developer/Unity/csci526-fall24-friday-main-wet-pants-studios/Alpha/Library/ScriptAssemblies/Unity.Play.Publisher.Editor.dll
Symbol file LoadedFromMemory is not a mono symbol file
Symbol file data-0x333c21600 doesn't match image /Users/woodkong/Developer/Unity/csci526-fall24-friday-main-wet-pants-studios/Alpha/Library/ScriptAssemblies/Unity.VSCode.Editor.dll
Symbol file LoadedFromMemory is not a mono symbol file
Symbol file LoadedFromMemory is not a mono symbol file
- Loaded All Assemblies, in  0.275 seconds
Native extension for OSXStandalone target not found
Native extension for WebGL target not found
[Package Manager] Server::EnsureServerProcessIsRunning -- launch failed, reason: Unity was launched with the -noUpm command-line argument
[Package Manager] UpmClient::Send -- Unable to send message (not connected to UPM process).
[Package Manager] Cannot connect to Unity Package Manager local server
Mono: successfully reloaded assembly
- Finished resetting the current domain, in  0.441 seconds
Domain Reload Profiling: 717ms
	BeginReloadAssembly (90ms)
		ExecutionOrderSort (0ms)
		DisableScriptedObjects (2ms)
		BackupInstance (0ms)
		ReleaseScriptingObjects (0ms)
		CreateAndSetChildDomain (26ms)
	RebuildCommonClasses (23ms)
	RebuildNativeTypeToScriptingClass (8ms)
	initialDomainReloadingComplete (14ms)
	LoadAllAssembliesAndSetupDomain (141ms)
		LoadAssemblies (168ms)
		RebuildTransferFunctionScriptingTraits (0ms)
		AnalyzeDomain (12ms)
			TypeCache.Refresh (8ms)
				TypeCache.ScanAssembly (0ms)
			ScanForSourceGeneratedMonoScriptInfo (0ms)
			ResolveRequiredComponents (4ms)
	FinalizeReload (442ms)
		ReleaseScriptCaches (0ms)
		RebuildScriptCaches (0ms)
		SetupLoadedEditorAssemblies (262ms)
			LogAssemblyErrors (0ms)
			InitializePlatformSupportModulesInManaged (5ms)
			SetLoadedEditorAssemblies (3ms)
			RefreshPlugins (0ms)
			BeforeProcessingInitializeOnLoad (37ms)
			ProcessInitializeOnLoadAttributes (200ms)
			ProcessInitializeOnLoadMethodAttributes (16ms)
			AfterProcessingInitializeOnLoad (1ms)
			EditorAssembliesLoaded (0ms)
		ExecutionOrderSort2 (0ms)
		AwakeInstancesAfterBackupRestoration (2ms)
Refreshing native plugins compatible for Editor in 1.20 ms, found 2 plugins.
Preloading 0 native plugins for Editor in 0.00 ms.
Unloading 3526 Unused Serialized files (Serialized files now loaded: 0)
Unloading 15 unused Assets / (29.0 KB). Loaded Objects now: 4035.
Memory consumption went from 153.8 MB to 153.8 MB.
Total: 2.405209 ms (FindLiveObjects: 0.130167 ms CreateObjectMapping: 0.051208 ms MarkObjects: 2.191583 ms  DeleteObjects: 0.031792 ms)

Prepare: number of updated asset objects reloaded= 0
AssetImportParameters requested are different than current active one (requested -> active):
  custom:container-demuxer-ogg: 62fdf1f143b41e24485cea50d1cbac27 -> 
  custom:video-decoder-ogg-theora: a1e56fd34408186e4bbccfd4996cb3dc -> 
  custom:CustomObjectIndexerAttribute: 9a22284fe3817be447336de3de66b15e -> 
  custom:container-demuxer-webm: 4f35f7cbe854078d1ac9338744f61a02 -> 
  custom:container-muxer-webm: aa71ff27fc2769a1b78a27578f13a17b -> 
  custom:video-decoder-webm-vp8: 9c59270c3fd7afecdb556c50c9e8de78 -> 
  custom:SearchIndexIgnoredProperties: e643bd26f0fe6173181afceb89e7c659 -> 
  custom:AudioImporter_EditorPlatform: 3918e3fc78b5a79bad01e8451be0beb8 -> 
  custom:framework-osx-AVFoundation: e770b220cccbd017edd2c1fefb359320 -> 
  custom:video-encoder-webm-vp8: eb34c28f22e8b96e1ab97ce403110664 -> 
  custom:audio-decoder-ogg-vorbis: bf7c407c2cedff20999df2af8eb42d56 -> 
  custom:audio-encoder-webm-vorbis: bf7c407c2cedff20999df2af8eb42d56 -> 
========================================================================
Received Prepare
Caller must complete domain reload
Begin MonoManager ReloadAssembly
Thread 0x17dea3000 may have been prematurely finalized
Symbol file data-0x13f1bb400 doesn't match image /Users/woodkong/Developer/Unity/csci526-fall24-friday-main-wet-pants-studios/Alpha/Library/ScriptAssemblies/Assembly-CSharp.dll
Symbol file LoadedFromMemory is not a mono symbol file
Symbol file data-0x13f1c8c00 doesn't match image /Users/woodkong/Developer/Unity/csci526-fall24-friday-main-wet-pants-studios/Alpha/Library/ScriptAssemblies/Unity.Services.Analytics.Editor.dll
Symbol file LoadedFromMemory is not a mono symbol file
Symbol file data-0x150008000 doesn't match image /Users/woodkong/Developer/Unity/csci526-fall24-friday-main-wet-pants-studios/Alpha/Library/ScriptAssemblies/Unity.Services.Core.Editor.dll
Symbol file LoadedFromMemory is not a mono symbol file
Symbol file data-0x13f00ce00 doesn't match image /Users/woodkong/Developer/Unity/csci526-fall24-friday-main-wet-pants-studios/Alpha/Library/ScriptAssemblies/Unity.EditorCoroutines.Editor.dll
Symbol file LoadedFromMemory is not a mono symbol file
Symbol file data-0x15a2e0000 doesn't match image /Users/woodkong/Developer/Unity/csci526-fall24-friday-main-wet-pants-studios/Alpha/Library/ScriptAssemblies/Unity.PlasticSCM.Editor.dll
Symbol file LoadedFromMemory is not a mono symbol file
Symbol file data-0x158030000 doesn't match image /Users/woodkong/Developer/Unity/csci526-fall24-friday-main-wet-pants-studios/Alpha/Library/ScriptAssemblies/Unity.Services.Core.Internal.dll
Symbol file LoadedFromMemory is not a mono symbol file
Symbol file data-0x15a398000 doesn't match image /Users/woodkong/Developer/Unity/csci526-fall24-friday-main-wet-pants-studios/Alpha/Library/ScriptAssemblies/Unity.Timeline.Editor.dll
Symbol file LoadedFromMemory is not a mono symbol file
Symbol file data-0x333970000 doesn't match image /Users/woodkong/Developer/Unity/csci526-fall24-friday-main-wet-pants-studios/Alpha/Library/ScriptAssemblies/Unity.Services.Core.Environments.Internal.dll
Symbol file LoadedFromMemory is not a mono symbol file
Symbol file data-0x333975e00 doesn't match image /Users/woodkong/Developer/Unity/csci526-fall24-friday-main-wet-pants-studios/Alpha/Library/ScriptAssemblies/Unity.Services.Core.Device.dll
Symbol file LoadedFromMemory is not a mono symbol file
Symbol file data-0x33397a600 doesn't match image /Users/woodkong/Developer/Unity/csci526-fall24-friday-main-wet-pants-studios/Alpha/Library/ScriptAssemblies/Unity.VisualScripting.Shared.Editor.dll
Symbol file LoadedFromMemory is not a mono symbol file
Symbol file data-0x33397ce00 doesn't match image /Users/woodkong/Developer/Unity/csci526-fall24-friday-main-wet-pants-studios/Alpha/Library/ScriptAssemblies/Unity.CollabProxy.Editor.dll
Symbol file LoadedFromMemory is not a mono symbol file
Symbol file data-0x158030000 doesn't match image /Users/woodkong/Developer/Unity/csci526-fall24-friday-main-wet-pants-studios/Alpha/Library/ScriptAssemblies/Unity.VisualStudio.Editor.dll
Symbol file LoadedFromMemory is not a mono symbol file
Symbol file data-0x33397ce00 doesn't match image /Users/woodkong/Developer/Unity/csci526-fall24-friday-main-wet-pants-studios/Alpha/Library/ScriptAssemblies/Unity.Services.Core.dll
Symbol file LoadedFromMemory is not a mono symbol file
Symbol file data-0x333984200 doesn't match image /Users/woodkong/Developer/Unity/csci526-fall24-friday-main-wet-pants-studios/Alpha/Library/ScriptAssemblies/Unity.Services.Core.Threading.dll
Symbol file LoadedFromMemory is not a mono symbol file
Symbol file data-0x158030000 doesn't match image /Users/woodkong/Developer/Unity/csci526-fall24-friday-main-wet-pants-studios/Alpha/Library/ScriptAssemblies/UnityEditor.UI.dll
Symbol file LoadedFromMemory is not a mono symbol file
Symbol file data-0x15a398000 doesn't match image /Users/woodkong/Developer/Unity/csci526-fall24-friday-main-wet-pants-studios/Alpha/Library/ScriptAssemblies/Unity.VisualScripting.Core.dll
Symbol file LoadedFromMemory is not a mono symbol file
Symbol file data-0x333984200 doesn't match image /Users/woodkong/Developer/Unity/csci526-fall24-friday-main-wet-pants-studios/Alpha/Library/ScriptAssemblies/Unity.Services.Core.Networking.dll
Symbol file LoadedFromMemory is not a mono symbol file
Symbol file data-0x15a4b0000 doesn't match image /Users/woodkong/Developer/Unity/csci526-fall24-friday-main-wet-pants-studios/Alpha/Library/ScriptAssemblies/UnityEngine.UI.dll
Symbol file LoadedFromMemory is not a mono symbol file
Symbol file data-0x15a5f0000 doesn't match image /Users/woodkong/Developer/Unity/csci526-fall24-friday-main-wet-pants-studios/Alpha/Library/ScriptAssemblies/Unity.VisualScripting.Core.Editor.dll
Symbol file LoadedFromMemory is not a mono symbol file
Symbol file data-0x15a4c8000 doesn't match image /Users/woodkong/Developer/Unity/csci526-fall24-friday-main-wet-pants-studios/Alpha/Library/ScriptAssemblies/Unity.Rider.Editor.dll
Symbol file LoadedFromMemory is not a mono symbol file
Symbol file data-0x333986c00 doesn't match image /Users/woodkong/Developer/Unity/csci526-fall24-friday-main-wet-pants-studios/Alpha/Library/ScriptAssemblies/Unity.Services.Core.Telemetry.dll
Symbol file LoadedFromMemory is not a mono symbol file
Symbol file data-0x15a628000 doesn't match image /Users/woodkong/Developer/Unity/csci526-fall24-friday-main-wet-pants-studios/Alpha/Library/ScriptAssemblies/UnityEditor.TestRunner.dll
Symbol file LoadedFromMemory is not a mono symbol file
Symbol file data-0x15a6b0000 doesn't match image /Users/woodkong/Developer/Unity/csci526-fall24-friday-main-wet-pants-studios/Alpha/Library/ScriptAssemblies/Unity.VisualScripting.Flow.dll
Symbol file LoadedFromMemory is not a mono symbol file
Symbol file data-0x15a628000 doesn't match image /Users/woodkong/Developer/Unity/csci526-fall24-friday-main-wet-pants-studios/Alpha/Library/ScriptAssemblies/Unity.Services.Core.Environments.Editor.dll
Symbol file LoadedFromMemory is not a mono symbol file
Symbol file data-0x15a738000 doesn't match image /Users/woodkong/Developer/Unity/csci526-fall24-friday-main-wet-pants-studios/Alpha/Library/ScriptAssemblies/Unity.VisualScripting.Flow.Editor.dll
Symbol file LoadedFromMemory is not a mono symbol file
Symbol file data-0x15a628000 doesn't match image /Users/woodkong/Developer/Unity/csci526-fall24-friday-main-wet-pants-studios/Alpha/Library/ScriptAssemblies/Unity.Timeline.dll
Symbol file LoadedFromMemory is not a mono symbol file
Symbol file data-0x33398c600 doesn't match image /Users/woodkong/Developer/Unity/csci526-fall24-friday-main-wet-pants-studios/Alpha/Library/ScriptAssemblies/Unity.TestTools.CodeCoverage.Editor.OpenCover.Mono.Reflection.dll
Symbol file LoadedFromMemory is not a mono symbol file
Symbol file data-0x14cee1a00 doesn't match image /Users/woodkong/Developer/Unity/csci526-fall24-friday-main-wet-pants-studios/Alpha/Library/ScriptAssemblies/Unity.Services.Core.Scheduler.dll
Symbol file LoadedFromMemory is not a mono symbol file
Symbol file data-0x334133000 doesn't match image /Users/woodkong/Developer/Unity/csci526-fall24-friday-main-wet-pants-studios/Alpha/Library/ScriptAssemblies/Unity.Services.Core.Environments.dll
Symbol file LoadedFromMemory is not a mono symbol file
Symbol file data-0x334137400 doesn't match image /Users/woodkong/Developer/Unity/csci526-fall24-friday-main-wet-pants-studios/Alpha/Library/ScriptAssemblies/Unity.Services.Core.Configuration.dll
Symbol file LoadedFromMemory is not a mono symbol file
Symbol file data-0x334133000 doesn't match image /Users/woodkong/Developer/Unity/csci526-fall24-friday-main-wet-pants-studios/Alpha/Library/ScriptAssemblies/Unity.VisualScripting.SettingsProvider.Editor.dll
Symbol file LoadedFromMemory is not a mono symbol file
Symbol file data-0x128548000 doesn't match image /Users/woodkong/Developer/Unity/csci526-fall24-friday-main-wet-pants-studios/Alpha/Library/ScriptAssemblies/Unity.Services.Analytics.dll
Symbol file LoadedFromMemory is not a mono symbol file
Symbol file data-0x128020000 doesn't match image /Users/woodkong/Developer/Unity/csci526-fall24-friday-main-wet-pants-studios/Alpha/Library/ScriptAssemblies/Unity.Performance.Profile-Analyzer.Editor.dll
Symbol file LoadedFromMemory is not a mono symbol file
Symbol file data-0x128548000 doesn't match image /Users/woodkong/Developer/Unity/csci526-fall24-friday-main-wet-pants-studios/Alpha/Library/ScriptAssemblies/Unity.TestTools.CodeCoverage.Editor.dll
Symbol file LoadedFromMemory is not a mono symbol file
Symbol file data-0x334143400 doesn't match image /Users/woodkong/Developer/Unity/csci526-fall24-friday-main-wet-pants-studios/Alpha/Library/ScriptAssemblies/Unity.TestTools.CodeCoverage.Editor.OpenCover.Model.dll
Symbol file LoadedFromMemory is not a mono symbol file
Symbol file data-0x128020000 doesn't match image /Users/woodkong/Developer/Unity/csci526-fall24-friday-main-wet-pants-studios/Alpha/Library/ScriptAssemblies/UnityEngine.TestRunner.dll
Symbol file LoadedFromMemory is not a mono symbol file
Symbol file data-0x140430000 doesn't match image /Users/woodkong/Developer/Unity/csci526-fall24-friday-main-wet-pants-studios/Alpha/Library/ScriptAssemblies/Unity.VisualScripting.State.Editor.dll
Symbol file LoadedFromMemory is not a mono symbol file
Symbol file data-0x13b4d4e00 doesn't match image /Users/woodkong/Developer/Unity/csci526-fall24-friday-main-wet-pants-studios/Alpha/Library/ScriptAssemblies/Unity.Settings.Editor.dll
Symbol file LoadedFromMemory is not a mono symbol file
Symbol file data-0x13b81e600 doesn't match image /Users/woodkong/Developer/Unity/csci526-fall24-friday-main-wet-pants-studios/Alpha/Library/ScriptAssemblies/Unity.InternalAPIEditorBridgeDev.001.dll
Symbol file LoadedFromMemory is not a mono symbol file
Symbol file data-0x128110000 doesn't match image /Users/woodkong/Developer/Unity/csci526-fall24-friday-main-wet-pants-studios/Alpha/Library/ScriptAssemblies/Unity.TextMeshPro.dll
Symbol file LoadedFromMemory is not a mono symbol file
Symbol file data-0x128020000 doesn't match image /Users/woodkong/Developer/Unity/csci526-fall24-friday-main-wet-pants-studios/Alpha/Library/ScriptAssemblies/Unity.TextMeshPro.Editor.dll
Symbol file LoadedFromMemory is not a mono symbol file
Symbol file data-0x334113000 doesn't match image /Users/woodkong/Developer/Unity/csci526-fall24-friday-main-wet-pants-studios/Alpha/Library/ScriptAssemblies/Unity.Services.Core.Analytics.dll
Symbol file LoadedFromMemory is not a mono symbol file
Symbol file data-0x13b4dc400 doesn't match image /Users/woodkong/Developer/Unity/csci526-fall24-friday-main-wet-pants-studios/Alpha/Library/ScriptAssemblies/Unity.Services.Core.Registration.dll
Symbol file LoadedFromMemory is not a mono symbol file
Symbol file data-0x334143400 doesn't match image /Users/woodkong/Developer/Unity/csci526-fall24-friday-main-wet-pants-studios/Alpha/Library/ScriptAssemblies/Unity.Services.Core.Configuration.Editor.dll
Symbol file LoadedFromMemory is not a mono symbol file
Symbol file data-0x334150400 doesn't match image /Users/woodkong/Developer/Unity/csci526-fall24-friday-main-wet-pants-studios/Alpha/Library/ScriptAssemblies/Unity.VisualScripting.State.dll
Symbol file LoadedFromMemory is not a mono symbol file
Symbol file data-0x334157000 doesn't match image /Users/woodkong/Developer/Unity/csci526-fall24-friday-main-wet-pants-studios/Alpha/Library/ScriptAssemblies/Unity.Play.Publisher.Editor.dll
Symbol file LoadedFromMemory is not a mono symbol file
Symbol file data-0x13b4d9e00 doesn't match image /Users/woodkong/Developer/Unity/csci526-fall24-friday-main-wet-pants-studios/Alpha/Library/ScriptAssemblies/Unity.VSCode.Editor.dll
Symbol file LoadedFromMemory is not a mono symbol file
Symbol file LoadedFromMemory is not a mono symbol file
- Loaded All Assemblies, in  0.322 seconds
Native extension for OSXStandalone target not found
Native extension for WebGL target not found
[Package Manager] Server::EnsureServerProcessIsRunning -- launch failed, reason: Unity was launched with the -noUpm command-line argument
[Package Manager] UpmClient::Send -- Unable to send message (not connected to UPM process).
[Package Manager] Cannot connect to Unity Package Manager local server
Mono: successfully reloaded assembly
- Finished resetting the current domain, in  0.822 seconds
Domain Reload Profiling: 1145ms
	BeginReloadAssembly (103ms)
		ExecutionOrderSort (0ms)
		DisableScriptedObjects (2ms)
		BackupInstance (0ms)
		ReleaseScriptingObjects (0ms)
		CreateAndSetChildDomain (35ms)
	RebuildCommonClasses (23ms)
	RebuildNativeTypeToScriptingClass (8ms)
	initialDomainReloadingComplete (15ms)
	LoadAllAssembliesAndSetupDomain (174ms)
		LoadAssemblies (193ms)
		RebuildTransferFunctionScriptingTraits (0ms)
		AnalyzeDomain (15ms)
			TypeCache.Refresh (8ms)
				TypeCache.ScanAssembly (0ms)
			ScanForSourceGeneratedMonoScriptInfo (0ms)
			ResolveRequiredComponents (5ms)
	FinalizeReload (822ms)
		ReleaseScriptCaches (0ms)
		RebuildScriptCaches (0ms)
		SetupLoadedEditorAssemblies (287ms)
			LogAssemblyErrors (0ms)
			InitializePlatformSupportModulesInManaged (6ms)
			SetLoadedEditorAssemblies (3ms)
			RefreshPlugins (0ms)
			BeforeProcessingInitializeOnLoad (39ms)
			ProcessInitializeOnLoadAttributes (219ms)
			ProcessInitializeOnLoadMethodAttributes (18ms)
			AfterProcessingInitializeOnLoad (1ms)
			EditorAssembliesLoaded (0ms)
		ExecutionOrderSort2 (0ms)
		AwakeInstancesAfterBackupRestoration (3ms)
Refreshing native plugins compatible for Editor in 1.26 ms, found 2 plugins.
Preloading 0 native plugins for Editor in 0.00 ms.
Unloading 3526 Unused Serialized files (Serialized files now loaded: 0)
Unloading 15 unused Assets / (29.0 KB). Loaded Objects now: 4038.
Memory consumption went from 159.4 MB to 159.3 MB.
Total: 2.494417 ms (FindLiveObjects: 0.124292 ms CreateObjectMapping: 0.042708 ms MarkObjects: 2.288958 ms  DeleteObjects: 0.038042 ms)

Prepare: number of updated asset objects reloaded= 0
AssetImportParameters requested are different than current active one (requested -> active):
  custom:container-demuxer-ogg: 62fdf1f143b41e24485cea50d1cbac27 -> 
  custom:video-decoder-ogg-theora: a1e56fd34408186e4bbccfd4996cb3dc -> 
  custom:CustomObjectIndexerAttribute: 9a22284fe3817be447336de3de66b15e -> 
  custom:container-demuxer-webm: 4f35f7cbe854078d1ac9338744f61a02 -> 
  custom:container-muxer-webm: aa71ff27fc2769a1b78a27578f13a17b -> 
  custom:video-decoder-webm-vp8: 9c59270c3fd7afecdb556c50c9e8de78 -> 
  custom:SearchIndexIgnoredProperties: e643bd26f0fe6173181afceb89e7c659 -> 
  custom:AudioImporter_EditorPlatform: 3918e3fc78b5a79bad01e8451be0beb8 -> 
  custom:framework-osx-AVFoundation: e770b220cccbd017edd2c1fefb359320 -> 
  custom:video-encoder-webm-vp8: eb34c28f22e8b96e1ab97ce403110664 -> 
  custom:audio-decoder-ogg-vorbis: bf7c407c2cedff20999df2af8eb42d56 -> 
  custom:audio-encoder-webm-vorbis: bf7c407c2cedff20999df2af8eb42d56 -> 
========================================================================
Received Import Request.
  Time since last request: 436496.578750 seconds.
  path: Assets/UVLight/UVMaterial.mat
  artifactKey: Guid(8ee4fab1b9fdc40f4b2bdd6e34310e04) Importer(815301076,1909f56bfc062723c751e8b465ee728b)
Start importing Assets/UVLight/UVMaterial.mat using Guid(8ee4fab1b9fdc40f4b2bdd6e34310e04) Importer(815301076,1909f56bfc062723c751e8b465ee728b) [PhysX] Initialized MultithreadedTaskDispatcher with 10 workers.
[PhysX] Initialized MultithreadedTaskDispatcher with 10 workers.
 -> (artifact id: '880cd9da04de00b813a046c2007331eb') in 0.072354 seconds
Number of updated asset objects reloaded before import = 0
Number of asset objects unloaded after import = 1
