Unity Editor version:    2022.3.43f1 (85497d293fa1)
Branch:                  2022.3/staging
Build type:              Release
Batch mode:              YES
macOS version:           Version 14.6.1 (Build 23G93)
Darwin version:          23.6.0
Architecture:            arm64
Running under Rosetta:   NO
Available memory:        16384 MB
Using pre-set license
Pro License: YES

COMMAND LINE ARGUMENTS:
/Applications/Unity/Hub/Editor/2022.3.43f1/Unity.app/Contents/MacOS/Unity
-adb2
-batchMode
-noUpm
-name
AssetImportWorker1
-projectPath
/Users/woodkong/Developer/Unity/csci526-fall24-friday-main-wet-pants-studios/Alpha
-logFile
Logs/AssetImportWorker1.log
-srvPort
56117
Successfully changed project path to: /Users/woodkong/Developer/Unity/csci526-fall24-friday-main-wet-pants-studios/Alpha
/Users/woodkong/Developer/Unity/csci526-fall24-friday-main-wet-pants-studios/Alpha
[UnityMemory] Configuration Parameters - Can be set up in boot.config
    "memorysetup-bucket-allocator-granularity=16"
    "memorysetup-bucket-allocator-bucket-count=8"
    "memorysetup-bucket-allocator-block-size=33554432"
    "memorysetup-bucket-allocator-block-count=8"
    "memorysetup-main-allocator-block-size=16777216"
    "memorysetup-thread-allocator-block-size=16777216"
    "memorysetup-gfx-main-allocator-block-size=16777216"
    "memorysetup-gfx-thread-allocator-block-size=16777216"
    "memorysetup-cache-allocator-block-size=4194304"
    "memorysetup-typetree-allocator-block-size=2097152"
    "memorysetup-profiler-bucket-allocator-granularity=16"
    "memorysetup-profiler-bucket-allocator-bucket-count=8"
    "memorysetup-profiler-bucket-allocator-block-size=33554432"
    "memorysetup-profiler-bucket-allocator-block-count=8"
    "memorysetup-profiler-allocator-block-size=16777216"
    "memorysetup-profiler-editor-allocator-block-size=1048576"
    "memorysetup-temp-allocator-size-main=16777216"
    "memorysetup-job-temp-allocator-block-size=2097152"
    "memorysetup-job-temp-allocator-block-size-background=1048576"
    "memorysetup-job-temp-allocator-reduction-small-platforms=262144"
    "memorysetup-allocator-temp-initial-block-size-main=262144"
    "memorysetup-allocator-temp-initial-block-size-worker=262144"
    "memorysetup-temp-allocator-size-background-worker=32768"
    "memorysetup-temp-allocator-size-job-worker=262144"
    "memorysetup-temp-allocator-size-preload-manager=33554432"
    "memorysetup-temp-allocator-size-nav-mesh-worker=65536"
    "memorysetup-temp-allocator-size-audio-worker=65536"
    "memorysetup-temp-allocator-size-cloud-worker=32768"
    "memorysetup-temp-allocator-size-gi-baking-worker=262144"
    "memorysetup-temp-allocator-size-gfx=262144"
Player connection [8321060672]  Target information:

Player connection [8321060672]  * "[IP] 192.168.7.119 [Port] 0 [Flags] 2 [Guid] 1110436035 [EditorId] 1110436035 [Version] 1048832 [Id] OSXEditor(0,Dongwooks-MacBook-Pro.local) [Debug] 1 [PackageName] OSXEditor [ProjectName] Editor" 

Player connection [8321060672] Host joined multi-casting on [225.0.0.222:54997]...
Player connection [8321060672] Host joined alternative multi-casting on [225.0.0.222:34997]...
[PhysX] Initialized MultithreadedTaskDispatcher with 10 workers.
Refreshing native plugins compatible for Editor in 6.20 ms, found 2 plugins.
Preloading 0 native plugins for Editor in 0.00 ms.
Initialize engine version: 2022.3.43f1 (85497d293fa1)
[Subsystems] Discovering subsystems at path /Applications/Unity/Hub/Editor/2022.3.43f1/Unity.app/Contents/Resources/UnitySubsystems
[Subsystems] Discovering subsystems at path /Users/woodkong/Developer/Unity/csci526-fall24-friday-main-wet-pants-studios/Alpha/Assets
GfxDevice: creating device client; threaded=0; jobified=0
 preferred device: Apple M1 Pro (high power)
Metal devices available: 1
0: Apple M1 Pro (high power)
Using device Apple M1 Pro (high power)
Initializing Metal device caps: Apple M1 Pro
Initialize mono
Mono path[0] = '/Applications/Unity/Hub/Editor/2022.3.43f1/Unity.app/Contents/Managed'
Mono path[1] = '/Applications/Unity/Hub/Editor/2022.3.43f1/Unity.app/Contents/MonoBleedingEdge/lib/mono/unityjit-macos'
Mono config path = '/Applications/Unity/Hub/Editor/2022.3.43f1/Unity.app/Contents/MonoBleedingEdge/etc'
Using monoOptions --debugger-agent=transport=dt_socket,embedding=1,server=y,suspend=n,address=127.0.0.1:56359
Begin MonoManager ReloadAssembly
Registering precompiled unity dll's ...
Register platform support module: /Applications/Unity/Hub/Editor/2022.3.43f1/PlaybackEngines/WebGLSupport/UnityEditor.WebGL.Extensions.dll
Register platform support module: /Applications/Unity/Hub/Editor/2022.3.43f1/Unity.app/Contents/PlaybackEngines/MacStandaloneSupport/UnityEditor.OSXStandalone.Extensions.dll
Registered in 0.001013 seconds.
- Loaded All Assemblies, in  0.281 seconds
Native extension for OSXStandalone target not found
Native extension for WebGL target not found
Mono: successfully reloaded assembly
- Finished resetting the current domain, in  0.179 seconds
Domain Reload Profiling: 460ms
	BeginReloadAssembly (97ms)
		ExecutionOrderSort (0ms)
		DisableScriptedObjects (0ms)
		BackupInstance (0ms)
		ReleaseScriptingObjects (0ms)
		CreateAndSetChildDomain (1ms)
	RebuildCommonClasses (28ms)
	RebuildNativeTypeToScriptingClass (9ms)
	initialDomainReloadingComplete (33ms)
	LoadAllAssembliesAndSetupDomain (114ms)
		LoadAssemblies (96ms)
		RebuildTransferFunctionScriptingTraits (0ms)
		AnalyzeDomain (113ms)
			TypeCache.Refresh (112ms)
				TypeCache.ScanAssembly (101ms)
			ScanForSourceGeneratedMonoScriptInfo (0ms)
			ResolveRequiredComponents (0ms)
	FinalizeReload (179ms)
		ReleaseScriptCaches (0ms)
		RebuildScriptCaches (0ms)
		SetupLoadedEditorAssemblies (143ms)
			LogAssemblyErrors (0ms)
			InitializePlatformSupportModulesInManaged (5ms)
			SetLoadedEditorAssemblies (4ms)
			RefreshPlugins (0ms)
			BeforeProcessingInitializeOnLoad (1ms)
			ProcessInitializeOnLoadAttributes (102ms)
			ProcessInitializeOnLoadMethodAttributes (30ms)
			AfterProcessingInitializeOnLoad (0ms)
			EditorAssembliesLoaded (0ms)
		ExecutionOrderSort2 (0ms)
		AwakeInstancesAfterBackupRestoration (0ms)
========================================================================
Worker process is ready to serve import requests
Caller must complete domain reload
Begin MonoManager ReloadAssembly
Symbol file data-0x117958a00 doesn't match image /Users/woodkong/Developer/Unity/csci526-fall24-friday-main-wet-pants-studios/Alpha/Library/ScriptAssemblies/Assembly-CSharp.dll
Symbol file LoadedFromMemory is not a mono symbol file
Symbol file data-0x1288caa00 doesn't match image /Users/woodkong/Developer/Unity/csci526-fall24-friday-main-wet-pants-studios/Alpha/Library/ScriptAssemblies/Unity.Services.Analytics.Editor.dll
Symbol file LoadedFromMemory is not a mono symbol file
Symbol file data-0x130080000 doesn't match image /Users/woodkong/Developer/Unity/csci526-fall24-friday-main-wet-pants-studios/Alpha/Library/ScriptAssemblies/Unity.Services.Core.Editor.dll
Symbol file LoadedFromMemory is not a mono symbol file
Symbol file data-0x117958a00 doesn't match image /Users/woodkong/Developer/Unity/csci526-fall24-friday-main-wet-pants-studios/Alpha/Library/ScriptAssemblies/Unity.EditorCoroutines.Editor.dll
Symbol file LoadedFromMemory is not a mono symbol file
Symbol file data-0x150bf8000 doesn't match image /Users/woodkong/Developer/Unity/csci526-fall24-friday-main-wet-pants-studios/Alpha/Library/ScriptAssemblies/Unity.PlasticSCM.Editor.dll
Symbol file LoadedFromMemory is not a mono symbol file
Symbol file data-0x118008000 doesn't match image /Users/woodkong/Developer/Unity/csci526-fall24-friday-main-wet-pants-studios/Alpha/Library/ScriptAssemblies/Unity.Services.Core.Internal.dll
Symbol file LoadedFromMemory is not a mono symbol file
Symbol file data-0x150cf8000 doesn't match image /Users/woodkong/Developer/Unity/csci526-fall24-friday-main-wet-pants-studios/Alpha/Library/ScriptAssemblies/Unity.Timeline.Editor.dll
Symbol file LoadedFromMemory is not a mono symbol file
Symbol file data-0x11795d400 doesn't match image /Users/woodkong/Developer/Unity/csci526-fall24-friday-main-wet-pants-studios/Alpha/Library/ScriptAssemblies/Unity.Services.Core.Environments.Internal.dll
Symbol file LoadedFromMemory is not a mono symbol file
Symbol file data-0x1288cb600 doesn't match image /Users/woodkong/Developer/Unity/csci526-fall24-friday-main-wet-pants-studios/Alpha/Library/ScriptAssemblies/Unity.Services.Core.Device.dll
Symbol file LoadedFromMemory is not a mono symbol file
Symbol file data-0x11795cc00 doesn't match image /Users/woodkong/Developer/Unity/csci526-fall24-friday-main-wet-pants-studios/Alpha/Library/ScriptAssemblies/Unity.VisualScripting.Shared.Editor.dll
Symbol file LoadedFromMemory is not a mono symbol file
Symbol file data-0x1293d9800 doesn't match image /Users/woodkong/Developer/Unity/csci526-fall24-friday-main-wet-pants-studios/Alpha/Library/ScriptAssemblies/Unity.CollabProxy.Editor.dll
Symbol file LoadedFromMemory is not a mono symbol file
Symbol file data-0x118008000 doesn't match image /Users/woodkong/Developer/Unity/csci526-fall24-friday-main-wet-pants-studios/Alpha/Library/ScriptAssemblies/Unity.VisualStudio.Editor.dll
Symbol file LoadedFromMemory is not a mono symbol file
Symbol file data-0x117958a00 doesn't match image /Users/woodkong/Developer/Unity/csci526-fall24-friday-main-wet-pants-studios/Alpha/Library/ScriptAssemblies/Unity.Services.Core.dll
Symbol file LoadedFromMemory is not a mono symbol file
Symbol file data-0x11795da00 doesn't match image /Users/woodkong/Developer/Unity/csci526-fall24-friday-main-wet-pants-studios/Alpha/Library/ScriptAssemblies/Unity.Services.Core.Threading.dll
Symbol file LoadedFromMemory is not a mono symbol file
Symbol file data-0x150be8000 doesn't match image /Users/woodkong/Developer/Unity/csci526-fall24-friday-main-wet-pants-studios/Alpha/Library/ScriptAssemblies/UnityEditor.UI.dll
Symbol file LoadedFromMemory is not a mono symbol file
Symbol file data-0x1401e8000 doesn't match image /Users/woodkong/Developer/Unity/csci526-fall24-friday-main-wet-pants-studios/Alpha/Library/ScriptAssemblies/Unity.VisualScripting.Core.dll
Symbol file LoadedFromMemory is not a mono symbol file
Symbol file data-0x1293d9800 doesn't match image /Users/woodkong/Developer/Unity/csci526-fall24-friday-main-wet-pants-studios/Alpha/Library/ScriptAssemblies/Unity.Services.Core.Networking.dll
Symbol file LoadedFromMemory is not a mono symbol file
Symbol file data-0x150bf8000 doesn't match image /Users/woodkong/Developer/Unity/csci526-fall24-friday-main-wet-pants-studios/Alpha/Library/ScriptAssemblies/UnityEngine.UI.dll
Symbol file LoadedFromMemory is not a mono symbol file
Symbol file data-0x140348000 doesn't match image /Users/woodkong/Developer/Unity/csci526-fall24-friday-main-wet-pants-studios/Alpha/Library/ScriptAssemblies/Unity.VisualScripting.Core.Editor.dll
Symbol file LoadedFromMemory is not a mono symbol file
Symbol file data-0x118008000 doesn't match image /Users/woodkong/Developer/Unity/csci526-fall24-friday-main-wet-pants-studios/Alpha/Library/ScriptAssemblies/Unity.Rider.Editor.dll
Symbol file LoadedFromMemory is not a mono symbol file
Symbol file data-0x11795d000 doesn't match image /Users/woodkong/Developer/Unity/csci526-fall24-friday-main-wet-pants-studios/Alpha/Library/ScriptAssemblies/Unity.Services.Core.Telemetry.dll
Symbol file LoadedFromMemory is not a mono symbol file
Symbol file data-0x118190000 doesn't match image /Users/woodkong/Developer/Unity/csci526-fall24-friday-main-wet-pants-studios/Alpha/Library/ScriptAssemblies/UnityEditor.TestRunner.dll
Symbol file LoadedFromMemory is not a mono symbol file
Symbol file data-0x118218000 doesn't match image /Users/woodkong/Developer/Unity/csci526-fall24-friday-main-wet-pants-studios/Alpha/Library/ScriptAssemblies/Unity.VisualScripting.Flow.dll
Symbol file LoadedFromMemory is not a mono symbol file
Symbol file data-0x118190000 doesn't match image /Users/woodkong/Developer/Unity/csci526-fall24-friday-main-wet-pants-studios/Alpha/Library/ScriptAssemblies/Unity.Services.Core.Environments.Editor.dll
Symbol file LoadedFromMemory is not a mono symbol file
Symbol file data-0x150d28000 doesn't match image /Users/woodkong/Developer/Unity/csci526-fall24-friday-main-wet-pants-studios/Alpha/Library/ScriptAssemblies/Unity.VisualScripting.Flow.Editor.dll
Symbol file LoadedFromMemory is not a mono symbol file
Symbol file data-0x1300e0000 doesn't match image /Users/woodkong/Developer/Unity/csci526-fall24-friday-main-wet-pants-studios/Alpha/Library/ScriptAssemblies/Unity.Timeline.dll
Symbol file LoadedFromMemory is not a mono symbol file
Symbol file data-0x11795ca00 doesn't match image /Users/woodkong/Developer/Unity/csci526-fall24-friday-main-wet-pants-studios/Alpha/Library/ScriptAssemblies/Unity.TestTools.CodeCoverage.Editor.OpenCover.Mono.Reflection.dll
Symbol file LoadedFromMemory is not a mono symbol file
Symbol file data-0x1288cea00 doesn't match image /Users/woodkong/Developer/Unity/csci526-fall24-friday-main-wet-pants-studios/Alpha/Library/ScriptAssemblies/Unity.Services.Core.Scheduler.dll
Symbol file LoadedFromMemory is not a mono symbol file
Symbol file data-0x1288d3a00 doesn't match image /Users/woodkong/Developer/Unity/csci526-fall24-friday-main-wet-pants-studios/Alpha/Library/ScriptAssemblies/Unity.Services.Core.Environments.dll
Symbol file LoadedFromMemory is not a mono symbol file
Symbol file data-0x11795ca00 doesn't match image /Users/woodkong/Developer/Unity/csci526-fall24-friday-main-wet-pants-studios/Alpha/Library/ScriptAssemblies/Unity.Services.Core.Configuration.dll
Symbol file LoadedFromMemory is not a mono symbol file
Symbol file data-0x11795ca00 doesn't match image /Users/woodkong/Developer/Unity/csci526-fall24-friday-main-wet-pants-studios/Alpha/Library/ScriptAssemblies/Unity.VisualScripting.SettingsProvider.Editor.dll
Symbol file LoadedFromMemory is not a mono symbol file
Symbol file data-0x118008000 doesn't match image /Users/woodkong/Developer/Unity/csci526-fall24-friday-main-wet-pants-studios/Alpha/Library/ScriptAssemblies/Unity.Services.Analytics.dll
Symbol file LoadedFromMemory is not a mono symbol file
Symbol file data-0x140090000 doesn't match image /Users/woodkong/Developer/Unity/csci526-fall24-friday-main-wet-pants-studios/Alpha/Library/ScriptAssemblies/Unity.Performance.Profile-Analyzer.Editor.dll
Symbol file LoadedFromMemory is not a mono symbol file
Symbol file data-0x150e40000 doesn't match image /Users/woodkong/Developer/Unity/csci526-fall24-friday-main-wet-pants-studios/Alpha/Library/ScriptAssemblies/Unity.TestTools.CodeCoverage.Editor.dll
Symbol file LoadedFromMemory is not a mono symbol file
Symbol file data-0x1293e7800 doesn't match image /Users/woodkong/Developer/Unity/csci526-fall24-friday-main-wet-pants-studios/Alpha/Library/ScriptAssemblies/Unity.TestTools.CodeCoverage.Editor.OpenCover.Model.dll
Symbol file LoadedFromMemory is not a mono symbol file
Symbol file data-0x118190000 doesn't match image /Users/woodkong/Developer/Unity/csci526-fall24-friday-main-wet-pants-studios/Alpha/Library/ScriptAssemblies/UnityEngine.TestRunner.dll
Symbol file LoadedFromMemory is not a mono symbol file
Symbol file data-0x140138000 doesn't match image /Users/woodkong/Developer/Unity/csci526-fall24-friday-main-wet-pants-studios/Alpha/Library/ScriptAssemblies/Unity.VisualScripting.State.Editor.dll
Symbol file LoadedFromMemory is not a mono symbol file
Symbol file data-0x1293e7800 doesn't match image /Users/woodkong/Developer/Unity/csci526-fall24-friday-main-wet-pants-studios/Alpha/Library/ScriptAssemblies/Unity.Settings.Editor.dll
Symbol file LoadedFromMemory is not a mono symbol file
Symbol file data-0x11796d600 doesn't match image /Users/woodkong/Developer/Unity/csci526-fall24-friday-main-wet-pants-studios/Alpha/Library/ScriptAssemblies/Unity.InternalAPIEditorBridgeDev.001.dll
Symbol file LoadedFromMemory is not a mono symbol file
Symbol file data-0x130160000 doesn't match image /Users/woodkong/Developer/Unity/csci526-fall24-friday-main-wet-pants-studios/Alpha/Library/ScriptAssemblies/Unity.TextMeshPro.dll
Symbol file LoadedFromMemory is not a mono symbol file
Symbol file data-0x1301d0000 doesn't match image /Users/woodkong/Developer/Unity/csci526-fall24-friday-main-wet-pants-studios/Alpha/Library/ScriptAssemblies/Unity.TextMeshPro.Editor.dll
Symbol file LoadedFromMemory is not a mono symbol file
Symbol file data-0x11796d600 doesn't match image /Users/woodkong/Developer/Unity/csci526-fall24-friday-main-wet-pants-studios/Alpha/Library/ScriptAssemblies/Unity.Services.Core.Analytics.dll
Symbol file LoadedFromMemory is not a mono symbol file
Symbol file data-0x1293eee00 doesn't match image /Users/woodkong/Developer/Unity/csci526-fall24-friday-main-wet-pants-studios/Alpha/Library/ScriptAssemblies/Unity.Services.Core.Registration.dll
Symbol file LoadedFromMemory is not a mono symbol file
Symbol file data-0x1288d6600 doesn't match image /Users/woodkong/Developer/Unity/csci526-fall24-friday-main-wet-pants-studios/Alpha/Library/ScriptAssemblies/Unity.Services.Core.Configuration.Editor.dll
Symbol file LoadedFromMemory is not a mono symbol file
Symbol file data-0x11797b800 doesn't match image /Users/woodkong/Developer/Unity/csci526-fall24-friday-main-wet-pants-studios/Alpha/Library/ScriptAssemblies/Unity.VisualScripting.State.dll
Symbol file LoadedFromMemory is not a mono symbol file
Symbol file data-0x1293c7600 doesn't match image /Users/woodkong/Developer/Unity/csci526-fall24-friday-main-wet-pants-studios/Alpha/Library/ScriptAssemblies/Unity.Play.Publisher.Editor.dll
Symbol file LoadedFromMemory is not a mono symbol file
Symbol file data-0x1293f0400 doesn't match image /Users/woodkong/Developer/Unity/csci526-fall24-friday-main-wet-pants-studios/Alpha/Library/ScriptAssemblies/Unity.VSCode.Editor.dll
Symbol file LoadedFromMemory is not a mono symbol file
Symbol file LoadedFromMemory is not a mono symbol file
- Loaded All Assemblies, in  0.489 seconds
Native extension for OSXStandalone target not found
Native extension for WebGL target not found
Package Manager log level set to [2]
[Package Manager] Server::EnsureServerProcessIsRunning -- launch failed, reason: Unity was launched with the -noUpm command-line argument
[Package Manager] UpmClient::Send -- Unable to send message (not connected to UPM process).
[Package Manager] Cannot connect to Unity Package Manager local server
Mono: successfully reloaded assembly
- Finished resetting the current domain, in  0.445 seconds
Domain Reload Profiling: 935ms
	BeginReloadAssembly (85ms)
		ExecutionOrderSort (0ms)
		DisableScriptedObjects (3ms)
		BackupInstance (0ms)
		ReleaseScriptingObjects (0ms)
		CreateAndSetChildDomain (17ms)
	RebuildCommonClasses (30ms)
	RebuildNativeTypeToScriptingClass (9ms)
	initialDomainReloadingComplete (25ms)
	LoadAllAssembliesAndSetupDomain (341ms)
		LoadAssemblies (215ms)
		RebuildTransferFunctionScriptingTraits (0ms)
		AnalyzeDomain (164ms)
			TypeCache.Refresh (148ms)
				TypeCache.ScanAssembly (129ms)
			ScanForSourceGeneratedMonoScriptInfo (11ms)
			ResolveRequiredComponents (4ms)
	FinalizeReload (445ms)
		ReleaseScriptCaches (0ms)
		RebuildScriptCaches (0ms)
		SetupLoadedEditorAssemblies (331ms)
			LogAssemblyErrors (0ms)
			InitializePlatformSupportModulesInManaged (4ms)
			SetLoadedEditorAssemblies (4ms)
			RefreshPlugins (0ms)
			BeforeProcessingInitializeOnLoad (46ms)
			ProcessInitializeOnLoadAttributes (256ms)
			ProcessInitializeOnLoadMethodAttributes (20ms)
			AfterProcessingInitializeOnLoad (1ms)
			EditorAssembliesLoaded (0ms)
		ExecutionOrderSort2 (0ms)
		AwakeInstancesAfterBackupRestoration (3ms)
Launching external process: /Applications/Unity/Hub/Editor/2022.3.43f1/Unity.app/Contents/Tools/UnityShaderCompiler
Launched and connected shader compiler UnityShaderCompiler after 0.03 seconds
Refreshing native plugins compatible for Editor in 0.97 ms, found 2 plugins.
Preloading 0 native plugins for Editor in 0.00 ms.
Unloading 3547 Unused Serialized files (Serialized files now loaded: 0)
Unloading 20 unused Assets / (50.1 KB). Loaded Objects now: 4032.
Memory consumption went from 152.7 MB to 152.6 MB.
Total: 2.778625 ms (FindLiveObjects: 0.104042 ms CreateObjectMapping: 0.041375 ms MarkObjects: 2.544958 ms  DeleteObjects: 0.087334 ms)

AssetImportParameters requested are different than current active one (requested -> active):
  custom:container-demuxer-ogg: 62fdf1f143b41e24485cea50d1cbac27 -> 
  custom:video-decoder-ogg-theora: a1e56fd34408186e4bbccfd4996cb3dc -> 
  custom:CustomObjectIndexerAttribute: 9a22284fe3817be447336de3de66b15e -> 
  custom:container-demuxer-webm: 4f35f7cbe854078d1ac9338744f61a02 -> 
  custom:container-muxer-webm: aa71ff27fc2769a1b78a27578f13a17b -> 
  custom:video-decoder-webm-vp8: 9c59270c3fd7afecdb556c50c9e8de78 -> 
  custom:SearchIndexIgnoredProperties: e643bd26f0fe6173181afceb89e7c659 -> 
  custom:AudioImporter_EditorPlatform: 3918e3fc78b5a79bad01e8451be0beb8 -> 
  custom:framework-osx-AVFoundation: e770b220cccbd017edd2c1fefb359320 -> 
  custom:video-encoder-webm-vp8: eb34c28f22e8b96e1ab97ce403110664 -> 
  custom:audio-decoder-ogg-vorbis: bf7c407c2cedff20999df2af8eb42d56 -> 
  custom:audio-encoder-webm-vorbis: bf7c407c2cedff20999df2af8eb42d56 -> 
========================================================================
Received Import Request.
  Time since last request: 430918.703855 seconds.
  path: Assets/Material/Floor.mat
  artifactKey: Guid(583252358fb5f484fa3be13925e6b784) Importer(815301076,1909f56bfc062723c751e8b465ee728b)
Start importing Assets/Material/Floor.mat using Guid(583252358fb5f484fa3be13925e6b784) Importer(815301076,1909f56bfc062723c751e8b465ee728b) [PhysX] Initialized MultithreadedTaskDispatcher with 10 workers.
[PhysX] Initialized MultithreadedTaskDispatcher with 10 workers.
 -> (artifact id: '7fc322e4087168a28b12707ce41613a5') in 0.101996 seconds
Number of updated asset objects reloaded before import = 0
Number of asset objects unloaded after import = 1
========================================================================
Received Prepare
Caller must complete domain reload
Begin MonoManager ReloadAssembly
Thread 0x328fcf000 may have been prematurely finalized
Symbol file data-0x116475800 doesn't match image /Users/woodkong/Developer/Unity/csci526-fall24-friday-main-wet-pants-studios/Alpha/Library/ScriptAssemblies/Assembly-CSharp.dll
Symbol file LoadedFromMemory is not a mono symbol file
Symbol file data-0x1160a2c00 doesn't match image /Users/woodkong/Developer/Unity/csci526-fall24-friday-main-wet-pants-studios/Alpha/Library/ScriptAssemblies/Unity.Services.Analytics.Editor.dll
Symbol file LoadedFromMemory is not a mono symbol file
Symbol file data-0x318978000 doesn't match image /Users/woodkong/Developer/Unity/csci526-fall24-friday-main-wet-pants-studios/Alpha/Library/ScriptAssemblies/Unity.Services.Core.Editor.dll
Symbol file LoadedFromMemory is not a mono symbol file
Symbol file data-0x1160a2c00 doesn't match image /Users/woodkong/Developer/Unity/csci526-fall24-friday-main-wet-pants-studios/Alpha/Library/ScriptAssemblies/Unity.EditorCoroutines.Editor.dll
Symbol file LoadedFromMemory is not a mono symbol file
Symbol file data-0x158120000 doesn't match image /Users/woodkong/Developer/Unity/csci526-fall24-friday-main-wet-pants-studios/Alpha/Library/ScriptAssemblies/Unity.PlasticSCM.Editor.dll
Symbol file LoadedFromMemory is not a mono symbol file
Symbol file data-0x158020000 doesn't match image /Users/woodkong/Developer/Unity/csci526-fall24-friday-main-wet-pants-studios/Alpha/Library/ScriptAssemblies/Unity.Services.Core.Internal.dll
Symbol file LoadedFromMemory is not a mono symbol file
Symbol file data-0x1581d8000 doesn't match image /Users/woodkong/Developer/Unity/csci526-fall24-friday-main-wet-pants-studios/Alpha/Library/ScriptAssemblies/Unity.Timeline.Editor.dll
Symbol file LoadedFromMemory is not a mono symbol file
Symbol file data-0x127b66600 doesn't match image /Users/woodkong/Developer/Unity/csci526-fall24-friday-main-wet-pants-studios/Alpha/Library/ScriptAssemblies/Unity.Services.Core.Environments.Internal.dll
Symbol file LoadedFromMemory is not a mono symbol file
Symbol file data-0x127c82800 doesn't match image /Users/woodkong/Developer/Unity/csci526-fall24-friday-main-wet-pants-studios/Alpha/Library/ScriptAssemblies/Unity.Services.Core.Device.dll
Symbol file LoadedFromMemory is not a mono symbol file
Symbol file data-0x127bf7400 doesn't match image /Users/woodkong/Developer/Unity/csci526-fall24-friday-main-wet-pants-studios/Alpha/Library/ScriptAssemblies/Unity.VisualScripting.Shared.Editor.dll
Symbol file LoadedFromMemory is not a mono symbol file
Symbol file data-0x127c82800 doesn't match image /Users/woodkong/Developer/Unity/csci526-fall24-friday-main-wet-pants-studios/Alpha/Library/ScriptAssemblies/Unity.CollabProxy.Editor.dll
Symbol file LoadedFromMemory is not a mono symbol file
Symbol file data-0x158048000 doesn't match image /Users/woodkong/Developer/Unity/csci526-fall24-friday-main-wet-pants-studios/Alpha/Library/ScriptAssemblies/Unity.VisualStudio.Editor.dll
Symbol file LoadedFromMemory is not a mono symbol file
Symbol file data-0x127bf7400 doesn't match image /Users/woodkong/Developer/Unity/csci526-fall24-friday-main-wet-pants-studios/Alpha/Library/ScriptAssemblies/Unity.Services.Core.dll
Symbol file LoadedFromMemory is not a mono symbol file
Symbol file data-0x127c82800 doesn't match image /Users/woodkong/Developer/Unity/csci526-fall24-friday-main-wet-pants-studios/Alpha/Library/ScriptAssemblies/Unity.Services.Core.Threading.dll
Symbol file LoadedFromMemory is not a mono symbol file
Symbol file data-0x158048000 doesn't match image /Users/woodkong/Developer/Unity/csci526-fall24-friday-main-wet-pants-studios/Alpha/Library/ScriptAssemblies/UnityEditor.UI.dll
Symbol file LoadedFromMemory is not a mono symbol file
Symbol file data-0x158290000 doesn't match image /Users/woodkong/Developer/Unity/csci526-fall24-friday-main-wet-pants-studios/Alpha/Library/ScriptAssemblies/Unity.VisualScripting.Core.dll
Symbol file LoadedFromMemory is not a mono symbol file
Symbol file data-0x127c82800 doesn't match image /Users/woodkong/Developer/Unity/csci526-fall24-friday-main-wet-pants-studios/Alpha/Library/ScriptAssemblies/Unity.Services.Core.Networking.dll
Symbol file LoadedFromMemory is not a mono symbol file
Symbol file data-0x1582d8000 doesn't match image /Users/woodkong/Developer/Unity/csci526-fall24-friday-main-wet-pants-studios/Alpha/Library/ScriptAssemblies/UnityEngine.UI.dll
Symbol file LoadedFromMemory is not a mono symbol file
Symbol file data-0x158300000 doesn't match image /Users/woodkong/Developer/Unity/csci526-fall24-friday-main-wet-pants-studios/Alpha/Library/ScriptAssemblies/Unity.VisualScripting.Core.Editor.dll
Symbol file LoadedFromMemory is not a mono symbol file
Symbol file data-0x1582d8000 doesn't match image /Users/woodkong/Developer/Unity/csci526-fall24-friday-main-wet-pants-studios/Alpha/Library/ScriptAssemblies/Unity.Rider.Editor.dll
Symbol file LoadedFromMemory is not a mono symbol file
Symbol file data-0x127bf7400 doesn't match image /Users/woodkong/Developer/Unity/csci526-fall24-friday-main-wet-pants-studios/Alpha/Library/ScriptAssemblies/Unity.Services.Core.Telemetry.dll
Symbol file LoadedFromMemory is not a mono symbol file
Symbol file data-0x158320000 doesn't match image /Users/woodkong/Developer/Unity/csci526-fall24-friday-main-wet-pants-studios/Alpha/Library/ScriptAssemblies/UnityEditor.TestRunner.dll
Symbol file LoadedFromMemory is not a mono symbol file
Symbol file data-0x1584e0000 doesn't match image /Users/woodkong/Developer/Unity/csci526-fall24-friday-main-wet-pants-studios/Alpha/Library/ScriptAssemblies/Unity.VisualScripting.Flow.dll
Symbol file LoadedFromMemory is not a mono symbol file
Symbol file data-0x158320000 doesn't match image /Users/woodkong/Developer/Unity/csci526-fall24-friday-main-wet-pants-studios/Alpha/Library/ScriptAssemblies/Unity.Services.Core.Environments.Editor.dll
Symbol file LoadedFromMemory is not a mono symbol file
Symbol file data-0x158338000 doesn't match image /Users/woodkong/Developer/Unity/csci526-fall24-friday-main-wet-pants-studios/Alpha/Library/ScriptAssemblies/Unity.VisualScripting.Flow.Editor.dll
Symbol file LoadedFromMemory is not a mono symbol file
Symbol file data-0x158320000 doesn't match image /Users/woodkong/Developer/Unity/csci526-fall24-friday-main-wet-pants-studios/Alpha/Library/ScriptAssemblies/Unity.Timeline.dll
Symbol file LoadedFromMemory is not a mono symbol file
Symbol file data-0x127cff800 doesn't match image /Users/woodkong/Developer/Unity/csci526-fall24-friday-main-wet-pants-studios/Alpha/Library/ScriptAssemblies/Unity.TestTools.CodeCoverage.Editor.OpenCover.Mono.Reflection.dll
Symbol file LoadedFromMemory is not a mono symbol file
Symbol file data-0x127bd8200 doesn't match image /Users/woodkong/Developer/Unity/csci526-fall24-friday-main-wet-pants-studios/Alpha/Library/ScriptAssemblies/Unity.Services.Core.Scheduler.dll
Symbol file LoadedFromMemory is not a mono symbol file
Symbol file data-0x127bd8200 doesn't match image /Users/woodkong/Developer/Unity/csci526-fall24-friday-main-wet-pants-studios/Alpha/Library/ScriptAssemblies/Unity.Services.Core.Environments.dll
Symbol file LoadedFromMemory is not a mono symbol file
Symbol file data-0x127c51600 doesn't match image /Users/woodkong/Developer/Unity/csci526-fall24-friday-main-wet-pants-studios/Alpha/Library/ScriptAssemblies/Unity.Services.Core.Configuration.dll
Symbol file LoadedFromMemory is not a mono symbol file
Symbol file data-0x127c51600 doesn't match image /Users/woodkong/Developer/Unity/csci526-fall24-friday-main-wet-pants-studios/Alpha/Library/ScriptAssemblies/Unity.VisualScripting.SettingsProvider.Editor.dll
Symbol file LoadedFromMemory is not a mono symbol file
Symbol file data-0x1582d8000 doesn't match image /Users/woodkong/Developer/Unity/csci526-fall24-friday-main-wet-pants-studios/Alpha/Library/ScriptAssemblies/Unity.Services.Analytics.dll
Symbol file LoadedFromMemory is not a mono symbol file
Symbol file data-0x158338000 doesn't match image /Users/woodkong/Developer/Unity/csci526-fall24-friday-main-wet-pants-studios/Alpha/Library/ScriptAssemblies/Unity.Performance.Profile-Analyzer.Editor.dll
Symbol file LoadedFromMemory is not a mono symbol file
Symbol file data-0x138008000 doesn't match image /Users/woodkong/Developer/Unity/csci526-fall24-friday-main-wet-pants-studios/Alpha/Library/ScriptAssemblies/Unity.TestTools.CodeCoverage.Editor.dll
Symbol file LoadedFromMemory is not a mono symbol file
Symbol file data-0x113ddbe00 doesn't match image /Users/woodkong/Developer/Unity/csci526-fall24-friday-main-wet-pants-studios/Alpha/Library/ScriptAssemblies/Unity.TestTools.CodeCoverage.Editor.OpenCover.Model.dll
Symbol file LoadedFromMemory is not a mono symbol file
Symbol file data-0x138068000 doesn't match image /Users/woodkong/Developer/Unity/csci526-fall24-friday-main-wet-pants-studios/Alpha/Library/ScriptAssemblies/UnityEngine.TestRunner.dll
Symbol file LoadedFromMemory is not a mono symbol file
Symbol file data-0x138008000 doesn't match image /Users/woodkong/Developer/Unity/csci526-fall24-friday-main-wet-pants-studios/Alpha/Library/ScriptAssemblies/Unity.VisualScripting.State.Editor.dll
Symbol file LoadedFromMemory is not a mono symbol file
Symbol file data-0x113ddbe00 doesn't match image /Users/woodkong/Developer/Unity/csci526-fall24-friday-main-wet-pants-studios/Alpha/Library/ScriptAssemblies/Unity.Settings.Editor.dll
Symbol file LoadedFromMemory is not a mono symbol file
Symbol file data-0x113ce1a00 doesn't match image /Users/woodkong/Developer/Unity/csci526-fall24-friday-main-wet-pants-studios/Alpha/Library/ScriptAssemblies/Unity.InternalAPIEditorBridgeDev.001.dll
Symbol file LoadedFromMemory is not a mono symbol file
Symbol file data-0x138108000 doesn't match image /Users/woodkong/Developer/Unity/csci526-fall24-friday-main-wet-pants-studios/Alpha/Library/ScriptAssemblies/Unity.TextMeshPro.dll
Symbol file LoadedFromMemory is not a mono symbol file
Symbol file data-0x138068000 doesn't match image /Users/woodkong/Developer/Unity/csci526-fall24-friday-main-wet-pants-studios/Alpha/Library/ScriptAssemblies/Unity.TextMeshPro.Editor.dll
Symbol file LoadedFromMemory is not a mono symbol file
Symbol file data-0x1138cb400 doesn't match image /Users/woodkong/Developer/Unity/csci526-fall24-friday-main-wet-pants-studios/Alpha/Library/ScriptAssemblies/Unity.Services.Core.Analytics.dll
Symbol file LoadedFromMemory is not a mono symbol file
Symbol file data-0x113e7d000 doesn't match image /Users/woodkong/Developer/Unity/csci526-fall24-friday-main-wet-pants-studios/Alpha/Library/ScriptAssemblies/Unity.Services.Core.Registration.dll
Symbol file LoadedFromMemory is not a mono symbol file
Symbol file data-0x113ddbe00 doesn't match image /Users/woodkong/Developer/Unity/csci526-fall24-friday-main-wet-pants-studios/Alpha/Library/ScriptAssemblies/Unity.Services.Core.Configuration.Editor.dll
Symbol file LoadedFromMemory is not a mono symbol file
Symbol file data-0x113de8e00 doesn't match image /Users/woodkong/Developer/Unity/csci526-fall24-friday-main-wet-pants-studios/Alpha/Library/ScriptAssemblies/Unity.VisualScripting.State.dll
Symbol file LoadedFromMemory is not a mono symbol file
Symbol file data-0x113defa00 doesn't match image /Users/woodkong/Developer/Unity/csci526-fall24-friday-main-wet-pants-studios/Alpha/Library/ScriptAssemblies/Unity.Play.Publisher.Editor.dll
Symbol file LoadedFromMemory is not a mono symbol file
Symbol file data-0x113df0e00 doesn't match image /Users/woodkong/Developer/Unity/csci526-fall24-friday-main-wet-pants-studios/Alpha/Library/ScriptAssemblies/Unity.VSCode.Editor.dll
Symbol file LoadedFromMemory is not a mono symbol file
Symbol file LoadedFromMemory is not a mono symbol file
- Loaded All Assemblies, in  0.290 seconds
Native extension for OSXStandalone target not found
Native extension for WebGL target not found
[Package Manager] Server::EnsureServerProcessIsRunning -- launch failed, reason: Unity was launched with the -noUpm command-line argument
[Package Manager] UpmClient::Send -- Unable to send message (not connected to UPM process).
[Package Manager] Cannot connect to Unity Package Manager local server
Mono: successfully reloaded assembly
- Finished resetting the current domain, in  0.751 seconds
Domain Reload Profiling: 1042ms
	BeginReloadAssembly (92ms)
		ExecutionOrderSort (0ms)
		DisableScriptedObjects (3ms)
		BackupInstance (0ms)
		ReleaseScriptingObjects (0ms)
		CreateAndSetChildDomain (32ms)
	RebuildCommonClasses (28ms)
	RebuildNativeTypeToScriptingClass (9ms)
	initialDomainReloadingComplete (15ms)
	LoadAllAssembliesAndSetupDomain (146ms)
		LoadAssemblies (168ms)
		RebuildTransferFunctionScriptingTraits (0ms)
		AnalyzeDomain (13ms)
			TypeCache.Refresh (7ms)
				TypeCache.ScanAssembly (0ms)
			ScanForSourceGeneratedMonoScriptInfo (0ms)
			ResolveRequiredComponents (4ms)
	FinalizeReload (752ms)
		ReleaseScriptCaches (0ms)
		RebuildScriptCaches (0ms)
		SetupLoadedEditorAssemblies (286ms)
			LogAssemblyErrors (0ms)
			InitializePlatformSupportModulesInManaged (7ms)
			SetLoadedEditorAssemblies (3ms)
			RefreshPlugins (0ms)
			BeforeProcessingInitializeOnLoad (40ms)
			ProcessInitializeOnLoadAttributes (217ms)
			ProcessInitializeOnLoadMethodAttributes (19ms)
			AfterProcessingInitializeOnLoad (1ms)
			EditorAssembliesLoaded (0ms)
		ExecutionOrderSort2 (0ms)
		AwakeInstancesAfterBackupRestoration (3ms)
Refreshing native plugins compatible for Editor in 1.56 ms, found 2 plugins.
Preloading 0 native plugins for Editor in 0.00 ms.
Unloading 3525 Unused Serialized files (Serialized files now loaded: 0)
Unloading 15 unused Assets / (29.0 KB). Loaded Objects now: 4076.
Memory consumption went from 156.8 MB to 156.7 MB.
Total: 2.568750 ms (FindLiveObjects: 0.127333 ms CreateObjectMapping: 0.043625 ms MarkObjects: 2.337041 ms  DeleteObjects: 0.060000 ms)

Prepare: number of updated asset objects reloaded= 0
AssetImportParameters requested are different than current active one (requested -> active):
  custom:container-demuxer-ogg: 62fdf1f143b41e24485cea50d1cbac27 -> 
  custom:video-decoder-ogg-theora: a1e56fd34408186e4bbccfd4996cb3dc -> 
  custom:CustomObjectIndexerAttribute: 9a22284fe3817be447336de3de66b15e -> 
  custom:container-demuxer-webm: 4f35f7cbe854078d1ac9338744f61a02 -> 
  custom:container-muxer-webm: aa71ff27fc2769a1b78a27578f13a17b -> 
  custom:video-decoder-webm-vp8: 9c59270c3fd7afecdb556c50c9e8de78 -> 
  custom:SearchIndexIgnoredProperties: e643bd26f0fe6173181afceb89e7c659 -> 
  custom:AudioImporter_EditorPlatform: 3918e3fc78b5a79bad01e8451be0beb8 -> 
  custom:framework-osx-AVFoundation: e770b220cccbd017edd2c1fefb359320 -> 
  custom:video-encoder-webm-vp8: eb34c28f22e8b96e1ab97ce403110664 -> 
  custom:audio-decoder-ogg-vorbis: bf7c407c2cedff20999df2af8eb42d56 -> 
  custom:audio-encoder-webm-vorbis: bf7c407c2cedff20999df2af8eb42d56 -> 
